2023-03-09 11:14:20,223 [Worker-0] INFO  c.g.t.t.d.PublishedGradleVersions - Gradle version information cache is up-to-date. Trying to read.
2023-03-09 11:28:03,563 [Worker-4] INFO  c.g.t.t.d.PublishedGradleVersions - Gradle version information cache is up-to-date. Trying to read.
2023-03-09 11:46:52,096 [Worker-25] WARN  o.e.r.models.ModelRepository - Failed to download org.eclipse.recommenders:index::zip:0.0.0
org.eclipse.aether.resolution.ArtifactResolutionException: Could not find artifact org.eclipse.recommenders:index:zip:0.0.0-SNAPSHOT in models (http://download.eclipse.org/recommenders/models/oxygen/)
	at org.eclipse.aether.internal.impl.DefaultArtifactResolver.resolve(DefaultArtifactResolver.java:453) ~[na:na]
	at org.eclipse.aether.internal.impl.DefaultArtifactResolver.resolveArtifacts(DefaultArtifactResolver.java:255) ~[na:na]
	at org.eclipse.aether.internal.impl.DefaultArtifactResolver.resolveArtifact(DefaultArtifactResolver.java:232) ~[na:na]
	at org.eclipse.aether.internal.impl.DefaultRepositorySystem.resolveArtifact(DefaultRepositorySystem.java:303) ~[na:na]
	at org.eclipse.recommenders.models.ModelRepository.resolveInternal(ModelRepository.java:193) [org.eclipse.recommenders.models_2.5.2.v20180401-1226.jar:na]
	at org.eclipse.recommenders.models.ModelRepository.resolve(ModelRepository.java:172) [org.eclipse.recommenders.models_2.5.2.v20180401-1226.jar:na]
	at org.eclipse.recommenders.internal.models.rcp.EclipseModelRepository.resolve(EclipseModelRepository.java:168) [org.eclipse.recommenders.models.rcp_2.5.2.v20180401-1226.jar:na]
	at org.eclipse.recommenders.internal.models.rcp.DownloadModelArchiveJob.run(DownloadModelArchiveJob.java:76) [org.eclipse.recommenders.models.rcp_2.5.2.v20180401-1226.jar:na]
	at org.eclipse.core.internal.jobs.Worker.run(Worker.java:56) [org.eclipse.core.jobs_3.9.3.v20180115-1757.jar:na]
Caused by: org.eclipse.aether.transfer.ArtifactNotFoundException: Could not find artifact org.eclipse.recommenders:index:zip:0.0.0-SNAPSHOT in models (http://download.eclipse.org/recommenders/models/oxygen/)
	at org.eclipse.aether.connector.basic.ArtifactTransportListener.transferFailed(ArtifactTransportListener.java:48) ~[org.apache.maven.resolver.connector.basic_1.0.3.v20170405-0725.jar:1.0.3]
	at org.eclipse.aether.connector.basic.BasicRepositoryConnector$TaskRunner.run(BasicRepositoryConnector.java:364) ~[org.apache.maven.resolver.connector.basic_1.0.3.v20170405-0725.jar:1.0.3]
	at org.eclipse.aether.util.concurrency.RunnableErrorForwarder$1.run(RunnableErrorForwarder.java:76) ~[na:na]
	at org.eclipse.aether.connector.basic.BasicRepositoryConnector$DirectExecutor.execute(BasicRepositoryConnector.java:590) ~[org.apache.maven.resolver.connector.basic_1.0.3.v20170405-0725.jar:1.0.3]
	at org.eclipse.aether.connector.basic.BasicRepositoryConnector.get(BasicRepositoryConnector.java:258) ~[org.apache.maven.resolver.connector.basic_1.0.3.v20170405-0725.jar:1.0.3]
	at org.eclipse.aether.internal.impl.DefaultArtifactResolver.performDownloads(DefaultArtifactResolver.java:529) ~[na:na]
	at org.eclipse.aether.internal.impl.DefaultArtifactResolver.resolve(DefaultArtifactResolver.java:430) ~[na:na]
	... 8 common frames omitted
2023-03-09 12:26:45,819 [Worker-51] INFO  o.e.m.c.i.p.ProjectConfigurationManager - Collecting project info '/pom.xml' C:\Users\uprataps\Downloads\Eclipse_Oxygen\Oxygen_Workspace\MavenServletJsp\pom.xml
2023-03-09 12:26:46,534 [Worker-51] INFO  o.e.m.c.i.l.LifecycleMappingFactory - Using org.maven.ide.eclipse.wtp.WarLifecycleMapping lifecycle mapping for MavenProject: com.mavenproject:MavenServletJsp:0.0.1-SNAPSHOT @ C:\Users\uprataps\Downloads\Eclipse_Oxygen\Oxygen_Workspace\MavenServletJsp\pom.xml.
2023-03-09 12:26:47,061 [Worker-51] INFO  o.e.m.j.i.AbstractJavaProjectConfigurator - Adding source folder /MavenServletJsp/src/main/java
2023-03-09 12:26:47,061 [Worker-51] INFO  o.e.m.j.i.AbstractJavaProjectConfigurator - Adding resource folder /MavenServletJsp/src/main/resources
2023-03-09 12:26:47,061 [Worker-51] INFO  o.e.m.j.i.AbstractJavaProjectConfigurator - Adding source folder /MavenServletJsp/src/test/java
2023-03-09 12:26:47,512 [Worker-51] INFO  o.e.m.c.i.p.ProjectConfigurationManager - Imported and configured 1 project(s) in 1 sec
2023-03-09 12:26:47,681 [Worker-46] WARN  o.e.m.c.i.embedder.EclipseLogger - Using platform encoding (Cp1252 actually) to copy filtered resources, i.e. build is platform dependent!
2023-03-09 12:26:47,686 [Worker-46] INFO  o.e.m.c.i.embedder.EclipseLogger - Copying 0 resource
2023-03-09 12:26:47,687 [Worker-46] WARN  o.e.m.c.i.embedder.EclipseLogger - Using platform encoding (Cp1252 actually) to copy filtered resources, i.e. build is platform dependent!
2023-03-09 12:26:47,690 [Worker-46] INFO  o.e.m.c.i.embedder.EclipseLogger - skip non existing resourceDirectory C:\Users\uprataps\Downloads\Eclipse_Oxygen\Oxygen_Workspace\MavenServletJsp\src\test\resources
2023-03-09 12:26:48,744 [Worker-54] WARN  o.e.m.c.i.embedder.EclipseLogger - Using platform encoding (Cp1252 actually) to copy filtered resources, i.e. build is platform dependent!
2023-03-09 12:26:48,748 [Worker-54] INFO  o.e.m.c.i.embedder.EclipseLogger - Copying 0 resource
2023-03-09 12:26:48,749 [Worker-54] WARN  o.e.m.c.i.embedder.EclipseLogger - Using platform encoding (Cp1252 actually) to copy filtered resources, i.e. build is platform dependent!
2023-03-09 12:26:48,752 [Worker-54] INFO  o.e.m.c.i.embedder.EclipseLogger - skip non existing resourceDirectory C:\Users\uprataps\Downloads\Eclipse_Oxygen\Oxygen_Workspace\MavenServletJsp\src\test\resources
2023-03-09 12:27:22,572 [Worker-52] WARN  o.e.m.c.i.embedder.EclipseLogger - Using platform encoding (Cp1252 actually) to copy filtered resources, i.e. build is platform dependent!
2023-03-09 12:27:22,575 [Worker-52] INFO  o.e.m.c.i.embedder.EclipseLogger - Copying 0 resource
2023-03-09 12:27:22,576 [Worker-52] WARN  o.e.m.c.i.embedder.EclipseLogger - Using platform encoding (Cp1252 actually) to copy filtered resources, i.e. build is platform dependent!
2023-03-09 12:27:22,578 [Worker-52] INFO  o.e.m.c.i.embedder.EclipseLogger - skip non existing resourceDirectory C:\Users\uprataps\Downloads\Eclipse_Oxygen\Oxygen_Workspace\MavenServletJsp\src\test\resources
2023-03-09 12:29:27,457 [Worker-46] WARN  o.e.m.c.i.embedder.EclipseLogger - Using platform encoding (Cp1252 actually) to copy filtered resources, i.e. build is platform dependent!
2023-03-09 12:29:27,460 [Worker-46] INFO  o.e.m.c.i.embedder.EclipseLogger - Copying 0 resource
2023-03-09 12:29:27,461 [Worker-46] WARN  o.e.m.c.i.embedder.EclipseLogger - Using platform encoding (Cp1252 actually) to copy filtered resources, i.e. build is platform dependent!
2023-03-09 12:29:27,463 [Worker-46] INFO  o.e.m.c.i.embedder.EclipseLogger - skip non existing resourceDirectory C:\Users\uprataps\Downloads\Eclipse_Oxygen\Oxygen_Workspace\MavenServletJsp\src\test\resources
2023-03-09 12:30:21,630 [Worker-56] WARN  o.e.m.c.i.embedder.EclipseLogger - Using platform encoding (Cp1252 actually) to copy filtered resources, i.e. build is platform dependent!
2023-03-09 12:30:21,636 [Worker-56] INFO  o.e.m.c.i.embedder.EclipseLogger - Copying 0 resource
2023-03-09 12:30:21,640 [Worker-56] WARN  o.e.m.c.i.embedder.EclipseLogger - Using platform encoding (Cp1252 actually) to copy filtered resources, i.e. build is platform dependent!
2023-03-09 12:30:21,644 [Worker-56] INFO  o.e.m.c.i.embedder.EclipseLogger - skip non existing resourceDirectory C:\Users\uprataps\Downloads\Eclipse_Oxygen\Oxygen_Workspace\MavenServletJsp\src\test\resources
2023-03-09 12:30:52,802 [Worker-56] WARN  o.e.m.c.i.embedder.EclipseLogger - Using platform encoding (Cp1252 actually) to copy filtered resources, i.e. build is platform dependent!
2023-03-09 12:30:52,805 [Worker-56] INFO  o.e.m.c.i.embedder.EclipseLogger - Copying 0 resource
2023-03-09 12:30:52,806 [Worker-56] WARN  o.e.m.c.i.embedder.EclipseLogger - Using platform encoding (Cp1252 actually) to copy filtered resources, i.e. build is platform dependent!
2023-03-09 12:30:52,809 [Worker-56] INFO  o.e.m.c.i.embedder.EclipseLogger - skip non existing resourceDirectory C:\Users\uprataps\Downloads\Eclipse_Oxygen\Oxygen_Workspace\MavenServletJsp\src\test\resources
2023-03-09 12:31:16,081 [Worker-46] WARN  o.e.m.c.i.embedder.EclipseLogger - Using platform encoding (Cp1252 actually) to copy filtered resources, i.e. build is platform dependent!
2023-03-09 12:31:16,085 [Worker-46] INFO  o.e.m.c.i.embedder.EclipseLogger - Copying 0 resource
2023-03-09 12:31:16,086 [Worker-46] WARN  o.e.m.c.i.embedder.EclipseLogger - Using platform encoding (Cp1252 actually) to copy filtered resources, i.e. build is platform dependent!
2023-03-09 12:31:16,089 [Worker-46] INFO  o.e.m.c.i.embedder.EclipseLogger - skip non existing resourceDirectory C:\Users\uprataps\Downloads\Eclipse_Oxygen\Oxygen_Workspace\MavenServletJsp\src\test\resources
2023-03-09 12:31:24,667 [Worker-46] WARN  o.e.m.c.i.embedder.EclipseLogger - Using platform encoding (Cp1252 actually) to copy filtered resources, i.e. build is platform dependent!
2023-03-09 12:31:24,670 [Worker-46] INFO  o.e.m.c.i.embedder.EclipseLogger - Copying 0 resource
2023-03-09 12:31:24,672 [Worker-46] WARN  o.e.m.c.i.embedder.EclipseLogger - Using platform encoding (Cp1252 actually) to copy filtered resources, i.e. build is platform dependent!
2023-03-09 12:31:24,674 [Worker-46] INFO  o.e.m.c.i.embedder.EclipseLogger - skip non existing resourceDirectory C:\Users\uprataps\Downloads\Eclipse_Oxygen\Oxygen_Workspace\MavenServletJsp\src\test\resources
2023-03-09 12:31:35,315 [Worker-57] WARN  o.e.m.c.i.embedder.EclipseLogger - Using platform encoding (Cp1252 actually) to copy filtered resources, i.e. build is platform dependent!
2023-03-09 12:31:35,318 [Worker-57] INFO  o.e.m.c.i.embedder.EclipseLogger - Copying 0 resource
2023-03-09 12:31:35,318 [Worker-57] WARN  o.e.m.c.i.embedder.EclipseLogger - Using platform encoding (Cp1252 actually) to copy filtered resources, i.e. build is platform dependent!
2023-03-09 12:31:35,320 [Worker-57] INFO  o.e.m.c.i.embedder.EclipseLogger - skip non existing resourceDirectory C:\Users\uprataps\Downloads\Eclipse_Oxygen\Oxygen_Workspace\MavenServletJsp\src\test\resources
2023-03-09 12:31:43,601 [Worker-46] WARN  o.e.m.c.i.embedder.EclipseLogger - Using platform encoding (Cp1252 actually) to copy filtered resources, i.e. build is platform dependent!
2023-03-09 12:31:43,604 [Worker-46] INFO  o.e.m.c.i.embedder.EclipseLogger - Copying 0 resource
2023-03-09 12:31:43,605 [Worker-46] WARN  o.e.m.c.i.embedder.EclipseLogger - Using platform encoding (Cp1252 actually) to copy filtered resources, i.e. build is platform dependent!
2023-03-09 12:31:43,607 [Worker-46] INFO  o.e.m.c.i.embedder.EclipseLogger - skip non existing resourceDirectory C:\Users\uprataps\Downloads\Eclipse_Oxygen\Oxygen_Workspace\MavenServletJsp\src\test\resources
2023-03-09 12:32:29,254 [Worker-46] WARN  o.e.m.c.i.embedder.EclipseLogger - Using platform encoding (Cp1252 actually) to copy filtered resources, i.e. build is platform dependent!
2023-03-09 12:32:29,256 [Worker-46] INFO  o.e.m.c.i.embedder.EclipseLogger - Copying 0 resource
2023-03-09 12:32:29,257 [Worker-46] WARN  o.e.m.c.i.embedder.EclipseLogger - Using platform encoding (Cp1252 actually) to copy filtered resources, i.e. build is platform dependent!
2023-03-09 12:32:29,260 [Worker-46] INFO  o.e.m.c.i.embedder.EclipseLogger - skip non existing resourceDirectory C:\Users\uprataps\Downloads\Eclipse_Oxygen\Oxygen_Workspace\MavenServletJsp\src\test\resources
2023-03-09 12:32:33,128 [Worker-58] WARN  o.e.m.c.i.embedder.EclipseLogger - Using platform encoding (Cp1252 actually) to copy filtered resources, i.e. build is platform dependent!
2023-03-09 12:32:33,130 [Worker-58] INFO  o.e.m.c.i.embedder.EclipseLogger - Copying 0 resource
2023-03-09 12:32:33,131 [Worker-58] WARN  o.e.m.c.i.embedder.EclipseLogger - Using platform encoding (Cp1252 actually) to copy filtered resources, i.e. build is platform dependent!
2023-03-09 12:32:33,134 [Worker-58] INFO  o.e.m.c.i.embedder.EclipseLogger - skip non existing resourceDirectory C:\Users\uprataps\Downloads\Eclipse_Oxygen\Oxygen_Workspace\MavenServletJsp\src\test\resources
2023-03-09 12:32:45,231 [Worker-58] WARN  o.e.m.c.i.embedder.EclipseLogger - Using platform encoding (Cp1252 actually) to copy filtered resources, i.e. build is platform dependent!
2023-03-09 12:32:45,237 [Worker-58] INFO  o.e.m.c.i.embedder.EclipseLogger - Copying 0 resource
2023-03-09 12:32:45,239 [Worker-58] WARN  o.e.m.c.i.embedder.EclipseLogger - Using platform encoding (Cp1252 actually) to copy filtered resources, i.e. build is platform dependent!
2023-03-09 12:32:45,244 [Worker-58] INFO  o.e.m.c.i.embedder.EclipseLogger - skip non existing resourceDirectory C:\Users\uprataps\Downloads\Eclipse_Oxygen\Oxygen_Workspace\MavenServletJsp\src\test\resources
2023-03-09 12:34:15,230 [Worker-56] WARN  o.e.m.c.i.embedder.EclipseLogger - Using platform encoding (Cp1252 actually) to copy filtered resources, i.e. build is platform dependent!
2023-03-09 12:34:15,234 [Worker-56] INFO  o.e.m.c.i.embedder.EclipseLogger - Copying 0 resource
2023-03-09 12:34:15,235 [Worker-56] WARN  o.e.m.c.i.embedder.EclipseLogger - Using platform encoding (Cp1252 actually) to copy filtered resources, i.e. build is platform dependent!
2023-03-09 12:34:15,238 [Worker-56] INFO  o.e.m.c.i.embedder.EclipseLogger - skip non existing resourceDirectory C:\Users\uprataps\Downloads\Eclipse_Oxygen\Oxygen_Workspace\MavenServletJsp\src\test\resources
2023-03-09 12:36:04,211 [Worker-60] WARN  o.e.m.c.i.embedder.EclipseLogger - Using platform encoding (Cp1252 actually) to copy filtered resources, i.e. build is platform dependent!
2023-03-09 12:36:04,213 [Worker-60] INFO  o.e.m.c.i.embedder.EclipseLogger - Copying 0 resource
2023-03-09 12:36:04,214 [Worker-60] WARN  o.e.m.c.i.embedder.EclipseLogger - Using platform encoding (Cp1252 actually) to copy filtered resources, i.e. build is platform dependent!
2023-03-09 12:36:04,216 [Worker-60] INFO  o.e.m.c.i.embedder.EclipseLogger - skip non existing resourceDirectory C:\Users\uprataps\Downloads\Eclipse_Oxygen\Oxygen_Workspace\MavenServletJsp\src\test\resources
2023-03-09 12:37:25,492 [Worker-59] WARN  o.e.m.c.i.embedder.EclipseLogger - Using platform encoding (Cp1252 actually) to copy filtered resources, i.e. build is platform dependent!
2023-03-09 12:37:25,494 [Worker-59] INFO  o.e.m.c.i.embedder.EclipseLogger - Copying 0 resource
2023-03-09 12:37:25,496 [Worker-59] WARN  o.e.m.c.i.embedder.EclipseLogger - Using platform encoding (Cp1252 actually) to copy filtered resources, i.e. build is platform dependent!
2023-03-09 12:37:25,498 [Worker-59] INFO  o.e.m.c.i.embedder.EclipseLogger - skip non existing resourceDirectory C:\Users\uprataps\Downloads\Eclipse_Oxygen\Oxygen_Workspace\MavenServletJsp\src\test\resources
2023-03-09 12:37:28,825 [Worker-60] WARN  o.e.m.c.i.embedder.EclipseLogger - Using platform encoding (Cp1252 actually) to copy filtered resources, i.e. build is platform dependent!
2023-03-09 12:37:28,827 [Worker-60] INFO  o.e.m.c.i.embedder.EclipseLogger - Copying 0 resource
2023-03-09 12:37:28,828 [Worker-60] WARN  o.e.m.c.i.embedder.EclipseLogger - Using platform encoding (Cp1252 actually) to copy filtered resources, i.e. build is platform dependent!
2023-03-09 12:37:28,831 [Worker-60] INFO  o.e.m.c.i.embedder.EclipseLogger - skip non existing resourceDirectory C:\Users\uprataps\Downloads\Eclipse_Oxygen\Oxygen_Workspace\MavenServletJsp\src\test\resources
2023-03-09 12:37:54,518 [Worker-59] WARN  o.e.m.c.i.embedder.EclipseLogger - Using platform encoding (Cp1252 actually) to copy filtered resources, i.e. build is platform dependent!
2023-03-09 12:37:54,523 [Worker-59] INFO  o.e.m.c.i.embedder.EclipseLogger - Copying 0 resource
2023-03-09 12:37:54,524 [Worker-59] WARN  o.e.m.c.i.embedder.EclipseLogger - Using platform encoding (Cp1252 actually) to copy filtered resources, i.e. build is platform dependent!
2023-03-09 12:37:54,527 [Worker-59] INFO  o.e.m.c.i.embedder.EclipseLogger - skip non existing resourceDirectory C:\Users\uprataps\Downloads\Eclipse_Oxygen\Oxygen_Workspace\MavenServletJsp\src\test\resources
2023-03-09 12:41:54,038 [Worker-60] WARN  o.e.m.c.i.embedder.EclipseLogger - Using platform encoding (Cp1252 actually) to copy filtered resources, i.e. build is platform dependent!
2023-03-09 12:41:54,041 [Worker-60] INFO  o.e.m.c.i.embedder.EclipseLogger - Copying 0 resource
2023-03-09 12:41:54,041 [Worker-60] WARN  o.e.m.c.i.embedder.EclipseLogger - Using platform encoding (Cp1252 actually) to copy filtered resources, i.e. build is platform dependent!
2023-03-09 12:41:54,043 [Worker-60] INFO  o.e.m.c.i.embedder.EclipseLogger - skip non existing resourceDirectory C:\Users\uprataps\Downloads\Eclipse_Oxygen\Oxygen_Workspace\MavenServletJsp\src\test\resources
2023-03-09 12:42:07,723 [Worker-63] WARN  o.e.m.c.i.embedder.EclipseLogger - Using platform encoding (Cp1252 actually) to copy filtered resources, i.e. build is platform dependent!
2023-03-09 12:42:07,726 [Worker-63] INFO  o.e.m.c.i.embedder.EclipseLogger - Copying 0 resource
2023-03-09 12:42:07,726 [Worker-63] WARN  o.e.m.c.i.embedder.EclipseLogger - Using platform encoding (Cp1252 actually) to copy filtered resources, i.e. build is platform dependent!
2023-03-09 12:42:07,729 [Worker-63] INFO  o.e.m.c.i.embedder.EclipseLogger - skip non existing resourceDirectory C:\Users\uprataps\Downloads\Eclipse_Oxygen\Oxygen_Workspace\MavenServletJsp\src\test\resources
2023-03-09 12:43:15,664 [Worker-64] INFO  o.e.m.c.i.l.LifecycleMappingFactory - Using org.maven.ide.eclipse.wtp.WarLifecycleMapping lifecycle mapping for MavenProject: com.mavenproject:MavenServletJsp:0.0.1-SNAPSHOT @ C:\Users\uprataps\Downloads\Eclipse_Oxygen\Oxygen_Workspace\MavenServletJsp\pom.xml.
2023-03-09 12:43:15,935 [Worker-64] INFO  o.e.m.c.i.e.AbstractTransferListenerAdapter - Downloading https://repo.maven.apache.org/maven2/com/mysql/mysql-connector-j/8.0.31/mysql-connector-j-8.0.31.pom
2023-03-09 12:43:15,981 [Worker-64] INFO  o.e.m.c.i.e.AbstractTransferListenerAdapter - Downloaded https://repo.maven.apache.org/maven2/com/mysql/mysql-connector-j/8.0.31/mysql-connector-j-8.0.31.pom
2023-03-09 12:43:16,024 [Worker-64] INFO  o.e.m.c.i.e.AbstractTransferListenerAdapter - Downloading https://repo.maven.apache.org/maven2/com/mysql/mysql-connector-j/8.0.31/mysql-connector-j-8.0.31.jar
2023-03-09 12:43:16,641 [Worker-64] INFO  o.e.m.c.i.e.AbstractTransferListenerAdapter - Downloaded https://repo.maven.apache.org/maven2/com/mysql/mysql-connector-j/8.0.31/mysql-connector-j-8.0.31.jar
2023-03-09 12:43:17,185 [Worker-64] WARN  o.e.m.c.i.embedder.EclipseLogger - Using platform encoding (Cp1252 actually) to copy filtered resources, i.e. build is platform dependent!
2023-03-09 12:43:17,188 [Worker-64] INFO  o.e.m.c.i.embedder.EclipseLogger - Copying 0 resource
2023-03-09 12:43:17,190 [Worker-64] WARN  o.e.m.c.i.embedder.EclipseLogger - Using platform encoding (Cp1252 actually) to copy filtered resources, i.e. build is platform dependent!
2023-03-09 12:43:17,192 [Worker-64] INFO  o.e.m.c.i.embedder.EclipseLogger - skip non existing resourceDirectory C:\Users\uprataps\Downloads\Eclipse_Oxygen\Oxygen_Workspace\MavenServletJsp\src\test\resources
2023-03-09 12:43:17,193 [Worker-64] INFO  o.e.m.w.i.f.ResourceFilteringBuildParticipant - Changed resources require a complete clean of filtered resources of MavenServletJsp
2023-03-09 12:43:17,194 [Worker-64] INFO  o.e.m.w.i.f.ResourceFilteringBuildParticipant - Executing resource filtering for MavenServletJsp
2023-03-09 12:43:17,197 [Worker-64] WARN  o.e.m.c.i.embedder.EclipseLogger - Using platform encoding (Cp1252 actually) to copy filtered resources, i.e. build is platform dependent!
2023-03-09 12:43:17,805 [Worker-66] INFO  o.e.m.c.i.l.LifecycleMappingFactory - Using org.maven.ide.eclipse.wtp.WarLifecycleMapping lifecycle mapping for MavenProject: com.mavenproject:MavenServletJsp:0.0.1-SNAPSHOT @ C:\Users\uprataps\Downloads\Eclipse_Oxygen\Oxygen_Workspace\MavenServletJsp\pom.xml.
2023-03-09 12:43:18,943 [Worker-66] WARN  o.e.m.c.i.embedder.EclipseLogger - Using platform encoding (Cp1252 actually) to copy filtered resources, i.e. build is platform dependent!
2023-03-09 12:43:18,946 [Worker-66] INFO  o.e.m.c.i.embedder.EclipseLogger - Copying 0 resource
2023-03-09 12:43:18,947 [Worker-66] WARN  o.e.m.c.i.embedder.EclipseLogger - Using platform encoding (Cp1252 actually) to copy filtered resources, i.e. build is platform dependent!
2023-03-09 12:43:18,950 [Worker-66] INFO  o.e.m.c.i.embedder.EclipseLogger - skip non existing resourceDirectory C:\Users\uprataps\Downloads\Eclipse_Oxygen\Oxygen_Workspace\MavenServletJsp\src\test\resources
2023-03-09 12:43:18,950 [Worker-66] INFO  o.e.m.w.i.f.ResourceFilteringBuildParticipant - Changed resources require a complete clean of filtered resources of MavenServletJsp
2023-03-09 12:43:18,950 [Worker-66] INFO  o.e.m.w.i.f.ResourceFilteringBuildParticipant - Executing resource filtering for MavenServletJsp
2023-03-09 12:43:18,952 [Worker-66] WARN  o.e.m.c.i.embedder.EclipseLogger - Using platform encoding (Cp1252 actually) to copy filtered resources, i.e. build is platform dependent!
2023-03-09 12:44:07,340 [Worker-64] WARN  o.e.m.c.i.embedder.EclipseLogger - Using platform encoding (Cp1252 actually) to copy filtered resources, i.e. build is platform dependent!
2023-03-09 12:44:07,343 [Worker-64] INFO  o.e.m.c.i.embedder.EclipseLogger - Copying 0 resource
2023-03-09 12:44:07,343 [Worker-64] WARN  o.e.m.c.i.embedder.EclipseLogger - Using platform encoding (Cp1252 actually) to copy filtered resources, i.e. build is platform dependent!
2023-03-09 12:44:07,345 [Worker-64] INFO  o.e.m.c.i.embedder.EclipseLogger - skip non existing resourceDirectory C:\Users\uprataps\Downloads\Eclipse_Oxygen\Oxygen_Workspace\MavenServletJsp\src\test\resources
2023-03-09 12:44:14,060 [Worker-64] WARN  o.e.m.c.i.embedder.EclipseLogger - Using platform encoding (Cp1252 actually) to copy filtered resources, i.e. build is platform dependent!
2023-03-09 12:44:14,063 [Worker-64] INFO  o.e.m.c.i.embedder.EclipseLogger - Copying 0 resource
2023-03-09 12:44:14,064 [Worker-64] WARN  o.e.m.c.i.embedder.EclipseLogger - Using platform encoding (Cp1252 actually) to copy filtered resources, i.e. build is platform dependent!
2023-03-09 12:44:14,066 [Worker-64] INFO  o.e.m.c.i.embedder.EclipseLogger - skip non existing resourceDirectory C:\Users\uprataps\Downloads\Eclipse_Oxygen\Oxygen_Workspace\MavenServletJsp\src\test\resources
2023-03-09 12:44:18,074 [Worker-68] WARN  o.e.m.c.i.embedder.EclipseLogger - Using platform encoding (Cp1252 actually) to copy filtered resources, i.e. build is platform dependent!
2023-03-09 12:44:18,077 [Worker-68] INFO  o.e.m.c.i.embedder.EclipseLogger - Copying 0 resource
2023-03-09 12:44:18,077 [Worker-68] WARN  o.e.m.c.i.embedder.EclipseLogger - Using platform encoding (Cp1252 actually) to copy filtered resources, i.e. build is platform dependent!
2023-03-09 12:44:18,079 [Worker-68] INFO  o.e.m.c.i.embedder.EclipseLogger - skip non existing resourceDirectory C:\Users\uprataps\Downloads\Eclipse_Oxygen\Oxygen_Workspace\MavenServletJsp\src\test\resources
2023-03-09 12:44:29,726 [Worker-65] WARN  o.e.m.c.i.embedder.EclipseLogger - Using platform encoding (Cp1252 actually) to copy filtered resources, i.e. build is platform dependent!
2023-03-09 12:44:29,729 [Worker-65] INFO  o.e.m.c.i.embedder.EclipseLogger - Copying 0 resource
2023-03-09 12:44:29,729 [Worker-65] WARN  o.e.m.c.i.embedder.EclipseLogger - Using platform encoding (Cp1252 actually) to copy filtered resources, i.e. build is platform dependent!
2023-03-09 12:44:29,732 [Worker-65] INFO  o.e.m.c.i.embedder.EclipseLogger - skip non existing resourceDirectory C:\Users\uprataps\Downloads\Eclipse_Oxygen\Oxygen_Workspace\MavenServletJsp\src\test\resources
2023-03-09 12:46:08,965 [Worker-66] WARN  o.e.m.c.i.embedder.EclipseLogger - Using platform encoding (Cp1252 actually) to copy filtered resources, i.e. build is platform dependent!
2023-03-09 12:46:08,969 [Worker-66] INFO  o.e.m.c.i.embedder.EclipseLogger - Copying 0 resource
2023-03-09 12:46:08,969 [Worker-66] WARN  o.e.m.c.i.embedder.EclipseLogger - Using platform encoding (Cp1252 actually) to copy filtered resources, i.e. build is platform dependent!
2023-03-09 12:46:08,972 [Worker-66] INFO  o.e.m.c.i.embedder.EclipseLogger - skip non existing resourceDirectory C:\Users\uprataps\Downloads\Eclipse_Oxygen\Oxygen_Workspace\MavenServletJsp\src\test\resources
2023-03-09 12:46:43,489 [Worker-64] WARN  o.e.m.c.i.embedder.EclipseLogger - Using platform encoding (Cp1252 actually) to copy filtered resources, i.e. build is platform dependent!
2023-03-09 12:46:43,492 [Worker-64] INFO  o.e.m.c.i.embedder.EclipseLogger - Copying 0 resource
2023-03-09 12:46:43,493 [Worker-64] WARN  o.e.m.c.i.embedder.EclipseLogger - Using platform encoding (Cp1252 actually) to copy filtered resources, i.e. build is platform dependent!
2023-03-09 12:46:43,495 [Worker-64] INFO  o.e.m.c.i.embedder.EclipseLogger - skip non existing resourceDirectory C:\Users\uprataps\Downloads\Eclipse_Oxygen\Oxygen_Workspace\MavenServletJsp\src\test\resources
2023-03-09 12:46:49,128 [Worker-68] WARN  o.e.m.c.i.embedder.EclipseLogger - Using platform encoding (Cp1252 actually) to copy filtered resources, i.e. build is platform dependent!
2023-03-09 12:46:49,130 [Worker-68] INFO  o.e.m.c.i.embedder.EclipseLogger - Copying 0 resource
2023-03-09 12:46:49,131 [Worker-68] WARN  o.e.m.c.i.embedder.EclipseLogger - Using platform encoding (Cp1252 actually) to copy filtered resources, i.e. build is platform dependent!
2023-03-09 12:46:49,134 [Worker-68] INFO  o.e.m.c.i.embedder.EclipseLogger - skip non existing resourceDirectory C:\Users\uprataps\Downloads\Eclipse_Oxygen\Oxygen_Workspace\MavenServletJsp\src\test\resources
2023-03-09 12:47:12,634 [Worker-66] WARN  o.e.m.c.i.embedder.EclipseLogger - Using platform encoding (Cp1252 actually) to copy filtered resources, i.e. build is platform dependent!
2023-03-09 12:47:12,637 [Worker-66] INFO  o.e.m.c.i.embedder.EclipseLogger - Copying 0 resource
2023-03-09 12:47:12,637 [Worker-66] WARN  o.e.m.c.i.embedder.EclipseLogger - Using platform encoding (Cp1252 actually) to copy filtered resources, i.e. build is platform dependent!
2023-03-09 12:47:12,639 [Worker-66] INFO  o.e.m.c.i.embedder.EclipseLogger - skip non existing resourceDirectory C:\Users\uprataps\Downloads\Eclipse_Oxygen\Oxygen_Workspace\MavenServletJsp\src\test\resources
2023-03-09 12:47:38,254 [Worker-58] WARN  o.e.m.c.i.embedder.EclipseLogger - Using platform encoding (Cp1252 actually) to copy filtered resources, i.e. build is platform dependent!
2023-03-09 12:47:38,257 [Worker-58] INFO  o.e.m.c.i.embedder.EclipseLogger - Copying 0 resource
2023-03-09 12:47:38,257 [Worker-58] WARN  o.e.m.c.i.embedder.EclipseLogger - Using platform encoding (Cp1252 actually) to copy filtered resources, i.e. build is platform dependent!
2023-03-09 12:47:38,260 [Worker-58] INFO  o.e.m.c.i.embedder.EclipseLogger - skip non existing resourceDirectory C:\Users\uprataps\Downloads\Eclipse_Oxygen\Oxygen_Workspace\MavenServletJsp\src\test\resources
2023-03-09 12:48:25,595 [Worker-66] WARN  o.e.m.c.i.embedder.EclipseLogger - Using platform encoding (Cp1252 actually) to copy filtered resources, i.e. build is platform dependent!
2023-03-09 12:48:25,598 [Worker-66] INFO  o.e.m.c.i.embedder.EclipseLogger - Copying 0 resource
2023-03-09 12:48:25,599 [Worker-66] WARN  o.e.m.c.i.embedder.EclipseLogger - Using platform encoding (Cp1252 actually) to copy filtered resources, i.e. build is platform dependent!
2023-03-09 12:48:25,601 [Worker-66] INFO  o.e.m.c.i.embedder.EclipseLogger - skip non existing resourceDirectory C:\Users\uprataps\Downloads\Eclipse_Oxygen\Oxygen_Workspace\MavenServletJsp\src\test\resources
2023-03-09 12:48:44,490 [Worker-60] WARN  o.e.m.c.i.embedder.EclipseLogger - Using platform encoding (Cp1252 actually) to copy filtered resources, i.e. build is platform dependent!
2023-03-09 12:48:44,493 [Worker-60] INFO  o.e.m.c.i.embedder.EclipseLogger - Copying 0 resource
2023-03-09 12:48:44,493 [Worker-60] WARN  o.e.m.c.i.embedder.EclipseLogger - Using platform encoding (Cp1252 actually) to copy filtered resources, i.e. build is platform dependent!
2023-03-09 12:48:44,495 [Worker-60] INFO  o.e.m.c.i.embedder.EclipseLogger - skip non existing resourceDirectory C:\Users\uprataps\Downloads\Eclipse_Oxygen\Oxygen_Workspace\MavenServletJsp\src\test\resources
2023-03-09 12:48:54,574 [Worker-67] WARN  o.e.m.c.i.embedder.EclipseLogger - Using platform encoding (Cp1252 actually) to copy filtered resources, i.e. build is platform dependent!
2023-03-09 12:48:54,577 [Worker-67] INFO  o.e.m.c.i.embedder.EclipseLogger - Copying 0 resource
2023-03-09 12:48:54,577 [Worker-67] WARN  o.e.m.c.i.embedder.EclipseLogger - Using platform encoding (Cp1252 actually) to copy filtered resources, i.e. build is platform dependent!
2023-03-09 12:48:54,579 [Worker-67] INFO  o.e.m.c.i.embedder.EclipseLogger - skip non existing resourceDirectory C:\Users\uprataps\Downloads\Eclipse_Oxygen\Oxygen_Workspace\MavenServletJsp\src\test\resources
2023-03-09 12:48:57,590 [Worker-67] WARN  o.e.m.c.i.embedder.EclipseLogger - Using platform encoding (Cp1252 actually) to copy filtered resources, i.e. build is platform dependent!
2023-03-09 12:48:57,593 [Worker-67] INFO  o.e.m.c.i.embedder.EclipseLogger - Copying 0 resource
2023-03-09 12:48:57,593 [Worker-67] WARN  o.e.m.c.i.embedder.EclipseLogger - Using platform encoding (Cp1252 actually) to copy filtered resources, i.e. build is platform dependent!
2023-03-09 12:48:57,595 [Worker-67] INFO  o.e.m.c.i.embedder.EclipseLogger - skip non existing resourceDirectory C:\Users\uprataps\Downloads\Eclipse_Oxygen\Oxygen_Workspace\MavenServletJsp\src\test\resources
2023-03-09 12:49:00,587 [Worker-68] WARN  o.e.m.c.i.embedder.EclipseLogger - Using platform encoding (Cp1252 actually) to copy filtered resources, i.e. build is platform dependent!
2023-03-09 12:49:00,590 [Worker-68] INFO  o.e.m.c.i.embedder.EclipseLogger - Copying 0 resource
2023-03-09 12:49:00,591 [Worker-68] WARN  o.e.m.c.i.embedder.EclipseLogger - Using platform encoding (Cp1252 actually) to copy filtered resources, i.e. build is platform dependent!
2023-03-09 12:49:00,593 [Worker-68] INFO  o.e.m.c.i.embedder.EclipseLogger - skip non existing resourceDirectory C:\Users\uprataps\Downloads\Eclipse_Oxygen\Oxygen_Workspace\MavenServletJsp\src\test\resources
2023-03-09 12:49:18,581 [Worker-66] WARN  o.e.m.c.i.embedder.EclipseLogger - Using platform encoding (Cp1252 actually) to copy filtered resources, i.e. build is platform dependent!
2023-03-09 12:49:18,584 [Worker-66] INFO  o.e.m.c.i.embedder.EclipseLogger - Copying 0 resource
2023-03-09 12:49:18,585 [Worker-66] WARN  o.e.m.c.i.embedder.EclipseLogger - Using platform encoding (Cp1252 actually) to copy filtered resources, i.e. build is platform dependent!
2023-03-09 12:49:18,588 [Worker-66] INFO  o.e.m.c.i.embedder.EclipseLogger - skip non existing resourceDirectory C:\Users\uprataps\Downloads\Eclipse_Oxygen\Oxygen_Workspace\MavenServletJsp\src\test\resources
2023-03-09 12:49:29,556 [Worker-67] WARN  o.e.m.c.i.embedder.EclipseLogger - Using platform encoding (Cp1252 actually) to copy filtered resources, i.e. build is platform dependent!
2023-03-09 12:49:29,559 [Worker-67] INFO  o.e.m.c.i.embedder.EclipseLogger - Copying 0 resource
2023-03-09 12:49:29,560 [Worker-67] WARN  o.e.m.c.i.embedder.EclipseLogger - Using platform encoding (Cp1252 actually) to copy filtered resources, i.e. build is platform dependent!
2023-03-09 12:49:29,562 [Worker-67] INFO  o.e.m.c.i.embedder.EclipseLogger - skip non existing resourceDirectory C:\Users\uprataps\Downloads\Eclipse_Oxygen\Oxygen_Workspace\MavenServletJsp\src\test\resources
2023-03-09 12:50:39,022 [Worker-65] WARN  o.e.m.c.i.embedder.EclipseLogger - Using platform encoding (Cp1252 actually) to copy filtered resources, i.e. build is platform dependent!
2023-03-09 12:50:39,025 [Worker-65] INFO  o.e.m.c.i.embedder.EclipseLogger - Copying 0 resource
2023-03-09 12:50:39,025 [Worker-65] WARN  o.e.m.c.i.embedder.EclipseLogger - Using platform encoding (Cp1252 actually) to copy filtered resources, i.e. build is platform dependent!
2023-03-09 12:50:39,027 [Worker-65] INFO  o.e.m.c.i.embedder.EclipseLogger - skip non existing resourceDirectory C:\Users\uprataps\Downloads\Eclipse_Oxygen\Oxygen_Workspace\MavenServletJsp\src\test\resources
2023-03-09 12:50:46,539 [Worker-64] WARN  o.e.m.c.i.embedder.EclipseLogger - Using platform encoding (Cp1252 actually) to copy filtered resources, i.e. build is platform dependent!
2023-03-09 12:50:46,542 [Worker-64] INFO  o.e.m.c.i.embedder.EclipseLogger - Copying 0 resource
2023-03-09 12:50:46,543 [Worker-64] WARN  o.e.m.c.i.embedder.EclipseLogger - Using platform encoding (Cp1252 actually) to copy filtered resources, i.e. build is platform dependent!
2023-03-09 12:50:46,545 [Worker-64] INFO  o.e.m.c.i.embedder.EclipseLogger - skip non existing resourceDirectory C:\Users\uprataps\Downloads\Eclipse_Oxygen\Oxygen_Workspace\MavenServletJsp\src\test\resources
2023-03-09 12:50:56,602 [Worker-68] WARN  o.e.m.c.i.embedder.EclipseLogger - Using platform encoding (Cp1252 actually) to copy filtered resources, i.e. build is platform dependent!
2023-03-09 12:50:56,604 [Worker-68] INFO  o.e.m.c.i.embedder.EclipseLogger - Copying 0 resource
2023-03-09 12:50:56,605 [Worker-68] WARN  o.e.m.c.i.embedder.EclipseLogger - Using platform encoding (Cp1252 actually) to copy filtered resources, i.e. build is platform dependent!
2023-03-09 12:50:56,607 [Worker-68] INFO  o.e.m.c.i.embedder.EclipseLogger - skip non existing resourceDirectory C:\Users\uprataps\Downloads\Eclipse_Oxygen\Oxygen_Workspace\MavenServletJsp\src\test\resources
2023-03-09 12:51:51,453 [Worker-60] WARN  o.e.m.c.i.embedder.EclipseLogger - Using platform encoding (Cp1252 actually) to copy filtered resources, i.e. build is platform dependent!
2023-03-09 12:51:51,456 [Worker-60] INFO  o.e.m.c.i.embedder.EclipseLogger - Copying 0 resource
2023-03-09 12:51:51,456 [Worker-60] WARN  o.e.m.c.i.embedder.EclipseLogger - Using platform encoding (Cp1252 actually) to copy filtered resources, i.e. build is platform dependent!
2023-03-09 12:51:51,458 [Worker-60] INFO  o.e.m.c.i.embedder.EclipseLogger - skip non existing resourceDirectory C:\Users\uprataps\Downloads\Eclipse_Oxygen\Oxygen_Workspace\MavenServletJsp\src\test\resources
2023-03-09 12:51:57,772 [Worker-66] WARN  o.e.m.c.i.embedder.EclipseLogger - Using platform encoding (Cp1252 actually) to copy filtered resources, i.e. build is platform dependent!
2023-03-09 12:51:57,775 [Worker-66] INFO  o.e.m.c.i.embedder.EclipseLogger - Copying 0 resource
2023-03-09 12:51:57,775 [Worker-66] WARN  o.e.m.c.i.embedder.EclipseLogger - Using platform encoding (Cp1252 actually) to copy filtered resources, i.e. build is platform dependent!
2023-03-09 12:51:57,777 [Worker-66] INFO  o.e.m.c.i.embedder.EclipseLogger - skip non existing resourceDirectory C:\Users\uprataps\Downloads\Eclipse_Oxygen\Oxygen_Workspace\MavenServletJsp\src\test\resources
2023-03-09 12:52:16,707 [Worker-60] WARN  o.e.m.c.i.embedder.EclipseLogger - Using platform encoding (Cp1252 actually) to copy filtered resources, i.e. build is platform dependent!
2023-03-09 12:52:16,710 [Worker-60] INFO  o.e.m.c.i.embedder.EclipseLogger - Copying 0 resource
2023-03-09 12:52:16,710 [Worker-60] WARN  o.e.m.c.i.embedder.EclipseLogger - Using platform encoding (Cp1252 actually) to copy filtered resources, i.e. build is platform dependent!
2023-03-09 12:52:16,713 [Worker-60] INFO  o.e.m.c.i.embedder.EclipseLogger - skip non existing resourceDirectory C:\Users\uprataps\Downloads\Eclipse_Oxygen\Oxygen_Workspace\MavenServletJsp\src\test\resources
2023-03-09 12:52:31,059 [Worker-65] WARN  o.e.m.c.i.embedder.EclipseLogger - Using platform encoding (Cp1252 actually) to copy filtered resources, i.e. build is platform dependent!
2023-03-09 12:52:31,062 [Worker-65] INFO  o.e.m.c.i.embedder.EclipseLogger - Copying 0 resource
2023-03-09 12:52:31,063 [Worker-65] WARN  o.e.m.c.i.embedder.EclipseLogger - Using platform encoding (Cp1252 actually) to copy filtered resources, i.e. build is platform dependent!
2023-03-09 12:52:31,065 [Worker-65] INFO  o.e.m.c.i.embedder.EclipseLogger - skip non existing resourceDirectory C:\Users\uprataps\Downloads\Eclipse_Oxygen\Oxygen_Workspace\MavenServletJsp\src\test\resources
2023-03-09 12:52:49,632 [Worker-63] WARN  o.e.m.c.i.embedder.EclipseLogger - Using platform encoding (Cp1252 actually) to copy filtered resources, i.e. build is platform dependent!
2023-03-09 12:52:49,635 [Worker-63] INFO  o.e.m.c.i.embedder.EclipseLogger - Copying 0 resource
2023-03-09 12:52:49,635 [Worker-63] WARN  o.e.m.c.i.embedder.EclipseLogger - Using platform encoding (Cp1252 actually) to copy filtered resources, i.e. build is platform dependent!
2023-03-09 12:52:49,637 [Worker-63] INFO  o.e.m.c.i.embedder.EclipseLogger - skip non existing resourceDirectory C:\Users\uprataps\Downloads\Eclipse_Oxygen\Oxygen_Workspace\MavenServletJsp\src\test\resources
2023-03-09 12:53:14,319 [Worker-67] WARN  o.e.m.c.i.embedder.EclipseLogger - Using platform encoding (Cp1252 actually) to copy filtered resources, i.e. build is platform dependent!
2023-03-09 12:53:14,322 [Worker-67] INFO  o.e.m.c.i.embedder.EclipseLogger - Copying 0 resource
2023-03-09 12:53:14,323 [Worker-67] WARN  o.e.m.c.i.embedder.EclipseLogger - Using platform encoding (Cp1252 actually) to copy filtered resources, i.e. build is platform dependent!
2023-03-09 12:53:14,325 [Worker-67] INFO  o.e.m.c.i.embedder.EclipseLogger - skip non existing resourceDirectory C:\Users\uprataps\Downloads\Eclipse_Oxygen\Oxygen_Workspace\MavenServletJsp\src\test\resources
2023-03-09 12:53:33,394 [Worker-66] WARN  o.e.m.c.i.embedder.EclipseLogger - Using platform encoding (Cp1252 actually) to copy filtered resources, i.e. build is platform dependent!
2023-03-09 12:53:33,397 [Worker-66] INFO  o.e.m.c.i.embedder.EclipseLogger - Copying 0 resource
2023-03-09 12:53:33,398 [Worker-66] WARN  o.e.m.c.i.embedder.EclipseLogger - Using platform encoding (Cp1252 actually) to copy filtered resources, i.e. build is platform dependent!
2023-03-09 12:53:33,400 [Worker-66] INFO  o.e.m.c.i.embedder.EclipseLogger - skip non existing resourceDirectory C:\Users\uprataps\Downloads\Eclipse_Oxygen\Oxygen_Workspace\MavenServletJsp\src\test\resources
2023-03-09 12:53:36,188 [Worker-68] WARN  o.e.m.c.i.embedder.EclipseLogger - Using platform encoding (Cp1252 actually) to copy filtered resources, i.e. build is platform dependent!
2023-03-09 12:53:36,191 [Worker-68] INFO  o.e.m.c.i.embedder.EclipseLogger - Copying 0 resource
2023-03-09 12:53:36,192 [Worker-68] WARN  o.e.m.c.i.embedder.EclipseLogger - Using platform encoding (Cp1252 actually) to copy filtered resources, i.e. build is platform dependent!
2023-03-09 12:53:36,195 [Worker-68] INFO  o.e.m.c.i.embedder.EclipseLogger - skip non existing resourceDirectory C:\Users\uprataps\Downloads\Eclipse_Oxygen\Oxygen_Workspace\MavenServletJsp\src\test\resources
2023-03-09 12:54:15,019 [Worker-64] WARN  o.e.m.c.i.embedder.EclipseLogger - Using platform encoding (Cp1252 actually) to copy filtered resources, i.e. build is platform dependent!
2023-03-09 12:54:15,022 [Worker-64] INFO  o.e.m.c.i.embedder.EclipseLogger - Copying 0 resource
2023-03-09 12:54:15,023 [Worker-64] WARN  o.e.m.c.i.embedder.EclipseLogger - Using platform encoding (Cp1252 actually) to copy filtered resources, i.e. build is platform dependent!
2023-03-09 12:54:15,027 [Worker-64] INFO  o.e.m.c.i.embedder.EclipseLogger - skip non existing resourceDirectory C:\Users\uprataps\Downloads\Eclipse_Oxygen\Oxygen_Workspace\MavenServletJsp\src\test\resources
2023-03-09 12:54:16,084 [Worker-65] WARN  o.e.m.c.i.embedder.EclipseLogger - Using platform encoding (Cp1252 actually) to copy filtered resources, i.e. build is platform dependent!
2023-03-09 12:54:16,086 [Worker-65] INFO  o.e.m.c.i.embedder.EclipseLogger - Copying 0 resource
2023-03-09 12:54:16,086 [Worker-65] WARN  o.e.m.c.i.embedder.EclipseLogger - Using platform encoding (Cp1252 actually) to copy filtered resources, i.e. build is platform dependent!
2023-03-09 12:54:16,088 [Worker-65] INFO  o.e.m.c.i.embedder.EclipseLogger - skip non existing resourceDirectory C:\Users\uprataps\Downloads\Eclipse_Oxygen\Oxygen_Workspace\MavenServletJsp\src\test\resources
2023-03-09 12:54:19,021 [Worker-67] WARN  o.e.m.c.i.embedder.EclipseLogger - Using platform encoding (Cp1252 actually) to copy filtered resources, i.e. build is platform dependent!
2023-03-09 12:54:19,024 [Worker-67] INFO  o.e.m.c.i.embedder.EclipseLogger - Copying 0 resource
2023-03-09 12:54:19,025 [Worker-67] WARN  o.e.m.c.i.embedder.EclipseLogger - Using platform encoding (Cp1252 actually) to copy filtered resources, i.e. build is platform dependent!
2023-03-09 12:54:19,027 [Worker-67] INFO  o.e.m.c.i.embedder.EclipseLogger - skip non existing resourceDirectory C:\Users\uprataps\Downloads\Eclipse_Oxygen\Oxygen_Workspace\MavenServletJsp\src\test\resources
2023-03-09 12:54:36,278 [Worker-65] WARN  o.e.m.c.i.embedder.EclipseLogger - Using platform encoding (Cp1252 actually) to copy filtered resources, i.e. build is platform dependent!
2023-03-09 12:54:36,281 [Worker-65] INFO  o.e.m.c.i.embedder.EclipseLogger - Copying 0 resource
2023-03-09 12:54:36,281 [Worker-65] WARN  o.e.m.c.i.embedder.EclipseLogger - Using platform encoding (Cp1252 actually) to copy filtered resources, i.e. build is platform dependent!
2023-03-09 12:54:36,283 [Worker-65] INFO  o.e.m.c.i.embedder.EclipseLogger - skip non existing resourceDirectory C:\Users\uprataps\Downloads\Eclipse_Oxygen\Oxygen_Workspace\MavenServletJsp\src\test\resources
2023-03-09 12:54:50,840 [Worker-64] WARN  o.e.m.c.i.embedder.EclipseLogger - Using platform encoding (Cp1252 actually) to copy filtered resources, i.e. build is platform dependent!
2023-03-09 12:54:50,843 [Worker-64] INFO  o.e.m.c.i.embedder.EclipseLogger - Copying 0 resource
2023-03-09 12:54:50,844 [Worker-64] WARN  o.e.m.c.i.embedder.EclipseLogger - Using platform encoding (Cp1252 actually) to copy filtered resources, i.e. build is platform dependent!
2023-03-09 12:54:50,846 [Worker-64] INFO  o.e.m.c.i.embedder.EclipseLogger - skip non existing resourceDirectory C:\Users\uprataps\Downloads\Eclipse_Oxygen\Oxygen_Workspace\MavenServletJsp\src\test\resources
2023-03-09 12:54:52,936 [Worker-65] WARN  o.e.m.c.i.embedder.EclipseLogger - Using platform encoding (Cp1252 actually) to copy filtered resources, i.e. build is platform dependent!
2023-03-09 12:54:52,938 [Worker-65] INFO  o.e.m.c.i.embedder.EclipseLogger - Copying 0 resource
2023-03-09 12:54:52,939 [Worker-65] WARN  o.e.m.c.i.embedder.EclipseLogger - Using platform encoding (Cp1252 actually) to copy filtered resources, i.e. build is platform dependent!
2023-03-09 12:54:52,941 [Worker-65] INFO  o.e.m.c.i.embedder.EclipseLogger - skip non existing resourceDirectory C:\Users\uprataps\Downloads\Eclipse_Oxygen\Oxygen_Workspace\MavenServletJsp\src\test\resources
2023-03-09 12:55:06,036 [Worker-65] WARN  o.e.m.c.i.embedder.EclipseLogger - Using platform encoding (Cp1252 actually) to copy filtered resources, i.e. build is platform dependent!
2023-03-09 12:55:06,039 [Worker-65] INFO  o.e.m.c.i.embedder.EclipseLogger - Copying 0 resource
2023-03-09 12:55:06,039 [Worker-65] WARN  o.e.m.c.i.embedder.EclipseLogger - Using platform encoding (Cp1252 actually) to copy filtered resources, i.e. build is platform dependent!
2023-03-09 12:55:06,042 [Worker-65] INFO  o.e.m.c.i.embedder.EclipseLogger - skip non existing resourceDirectory C:\Users\uprataps\Downloads\Eclipse_Oxygen\Oxygen_Workspace\MavenServletJsp\src\test\resources
2023-03-09 12:55:13,465 [Worker-63] WARN  o.e.m.c.i.embedder.EclipseLogger - Using platform encoding (Cp1252 actually) to copy filtered resources, i.e. build is platform dependent!
2023-03-09 12:55:13,468 [Worker-63] INFO  o.e.m.c.i.embedder.EclipseLogger - Copying 0 resource
2023-03-09 12:55:13,468 [Worker-63] WARN  o.e.m.c.i.embedder.EclipseLogger - Using platform encoding (Cp1252 actually) to copy filtered resources, i.e. build is platform dependent!
2023-03-09 12:55:13,470 [Worker-63] INFO  o.e.m.c.i.embedder.EclipseLogger - skip non existing resourceDirectory C:\Users\uprataps\Downloads\Eclipse_Oxygen\Oxygen_Workspace\MavenServletJsp\src\test\resources
2023-03-09 12:56:18,182 [Worker-64] INFO  o.e.m.c.i.p.ProjectConfigurationManager - Update started
2023-03-09 12:56:18,399 [Worker-64] INFO  o.e.m.c.i.l.LifecycleMappingFactory - Using org.maven.ide.eclipse.wtp.WarLifecycleMapping lifecycle mapping for MavenProject: com.mavenproject:MavenServletJsp:0.0.1-SNAPSHOT @ C:\Users\uprataps\Downloads\Eclipse_Oxygen\Oxygen_Workspace\MavenServletJsp\pom.xml.
2023-03-09 12:56:18,727 [Worker-64] INFO  o.e.m.j.i.AbstractJavaProjectConfigurator - Adding source folder /MavenServletJsp/src/main/java
2023-03-09 12:56:18,728 [Worker-64] INFO  o.e.m.j.i.AbstractJavaProjectConfigurator - Adding resource folder /MavenServletJsp/src/main/resources
2023-03-09 12:56:18,728 [Worker-64] INFO  o.e.m.j.i.AbstractJavaProjectConfigurator - Adding source folder /MavenServletJsp/src/test/java
2023-03-09 12:56:19,154 [Worker-64] INFO  o.e.m.w.i.f.ResourceFilteringBuildParticipant - Cleaning filtered folder for MavenServletJsp
2023-03-09 12:56:19,163 [Worker-64] INFO  o.e.m.c.i.p.ProjectConfigurationManager - Update completed: 0 sec
2023-03-09 12:56:19,330 [Worker-60] WARN  o.e.m.c.i.embedder.EclipseLogger - Using platform encoding (Cp1252 actually) to copy filtered resources, i.e. build is platform dependent!
2023-03-09 12:56:19,333 [Worker-60] INFO  o.e.m.c.i.embedder.EclipseLogger - Copying 0 resource
2023-03-09 12:56:19,334 [Worker-60] WARN  o.e.m.c.i.embedder.EclipseLogger - Using platform encoding (Cp1252 actually) to copy filtered resources, i.e. build is platform dependent!
2023-03-09 12:56:19,336 [Worker-60] INFO  o.e.m.c.i.embedder.EclipseLogger - skip non existing resourceDirectory C:\Users\uprataps\Downloads\Eclipse_Oxygen\Oxygen_Workspace\MavenServletJsp\src\test\resources
2023-03-09 12:56:19,336 [Worker-60] INFO  o.e.m.w.i.f.ResourceFilteringBuildParticipant - Changed resources require a complete clean of filtered resources of MavenServletJsp
2023-03-09 12:56:19,337 [Worker-60] INFO  o.e.m.w.i.f.ResourceFilteringBuildParticipant - Executing resource filtering for MavenServletJsp
2023-03-09 12:56:19,340 [Worker-60] WARN  o.e.m.c.i.embedder.EclipseLogger - Using platform encoding (Cp1252 actually) to copy filtered resources, i.e. build is platform dependent!
2023-03-09 12:56:30,307 [Worker-65] WARN  o.e.m.c.i.embedder.EclipseLogger - Using platform encoding (Cp1252 actually) to copy filtered resources, i.e. build is platform dependent!
2023-03-09 12:56:30,310 [Worker-65] INFO  o.e.m.c.i.embedder.EclipseLogger - Copying 0 resource
2023-03-09 12:56:30,311 [Worker-65] WARN  o.e.m.c.i.embedder.EclipseLogger - Using platform encoding (Cp1252 actually) to copy filtered resources, i.e. build is platform dependent!
2023-03-09 12:56:30,313 [Worker-65] INFO  o.e.m.c.i.embedder.EclipseLogger - skip non existing resourceDirectory C:\Users\uprataps\Downloads\Eclipse_Oxygen\Oxygen_Workspace\MavenServletJsp\src\test\resources
2023-03-09 12:57:05,434 [Worker-64] WARN  o.e.m.c.i.embedder.EclipseLogger - Using platform encoding (Cp1252 actually) to copy filtered resources, i.e. build is platform dependent!
2023-03-09 12:57:05,436 [Worker-64] INFO  o.e.m.c.i.embedder.EclipseLogger - Copying 0 resource
2023-03-09 12:57:05,437 [Worker-64] WARN  o.e.m.c.i.embedder.EclipseLogger - Using platform encoding (Cp1252 actually) to copy filtered resources, i.e. build is platform dependent!
2023-03-09 12:57:05,441 [Worker-64] INFO  o.e.m.c.i.embedder.EclipseLogger - skip non existing resourceDirectory C:\Users\uprataps\Downloads\Eclipse_Oxygen\Oxygen_Workspace\MavenServletJsp\src\test\resources
2023-03-09 12:57:29,559 [Worker-65] WARN  o.e.m.c.i.embedder.EclipseLogger - Using platform encoding (Cp1252 actually) to copy filtered resources, i.e. build is platform dependent!
2023-03-09 12:57:29,561 [Worker-65] INFO  o.e.m.c.i.embedder.EclipseLogger - Copying 0 resource
2023-03-09 12:57:29,562 [Worker-65] WARN  o.e.m.c.i.embedder.EclipseLogger - Using platform encoding (Cp1252 actually) to copy filtered resources, i.e. build is platform dependent!
2023-03-09 12:57:29,564 [Worker-65] INFO  o.e.m.c.i.embedder.EclipseLogger - skip non existing resourceDirectory C:\Users\uprataps\Downloads\Eclipse_Oxygen\Oxygen_Workspace\MavenServletJsp\src\test\resources
2023-03-09 12:57:37,028 [Worker-64] WARN  o.e.m.c.i.embedder.EclipseLogger - Using platform encoding (Cp1252 actually) to copy filtered resources, i.e. build is platform dependent!
2023-03-09 12:57:37,033 [Worker-64] INFO  o.e.m.c.i.embedder.EclipseLogger - Copying 0 resource
2023-03-09 12:57:37,035 [Worker-64] WARN  o.e.m.c.i.embedder.EclipseLogger - Using platform encoding (Cp1252 actually) to copy filtered resources, i.e. build is platform dependent!
2023-03-09 12:57:37,039 [Worker-64] INFO  o.e.m.c.i.embedder.EclipseLogger - skip non existing resourceDirectory C:\Users\uprataps\Downloads\Eclipse_Oxygen\Oxygen_Workspace\MavenServletJsp\src\test\resources
2023-03-09 12:59:16,493 [Worker-67] WARN  o.e.m.c.i.embedder.EclipseLogger - Using platform encoding (Cp1252 actually) to copy filtered resources, i.e. build is platform dependent!
2023-03-09 12:59:16,495 [Worker-67] INFO  o.e.m.c.i.embedder.EclipseLogger - Copying 0 resource
2023-03-09 12:59:16,497 [Worker-67] WARN  o.e.m.c.i.embedder.EclipseLogger - Using platform encoding (Cp1252 actually) to copy filtered resources, i.e. build is platform dependent!
2023-03-09 12:59:16,499 [Worker-67] INFO  o.e.m.c.i.embedder.EclipseLogger - skip non existing resourceDirectory C:\Users\uprataps\Downloads\Eclipse_Oxygen\Oxygen_Workspace\MavenServletJsp\src\test\resources
2023-03-09 12:59:24,973 [Worker-69] WARN  o.e.m.c.i.embedder.EclipseLogger - Using platform encoding (Cp1252 actually) to copy filtered resources, i.e. build is platform dependent!
2023-03-09 12:59:24,977 [Worker-69] INFO  o.e.m.c.i.embedder.EclipseLogger - Copying 0 resource
2023-03-09 12:59:24,978 [Worker-69] WARN  o.e.m.c.i.embedder.EclipseLogger - Using platform encoding (Cp1252 actually) to copy filtered resources, i.e. build is platform dependent!
2023-03-09 12:59:24,981 [Worker-69] INFO  o.e.m.c.i.embedder.EclipseLogger - skip non existing resourceDirectory C:\Users\uprataps\Downloads\Eclipse_Oxygen\Oxygen_Workspace\MavenServletJsp\src\test\resources
2023-03-09 12:59:38,682 [Worker-66] WARN  o.e.m.c.i.embedder.EclipseLogger - Using platform encoding (Cp1252 actually) to copy filtered resources, i.e. build is platform dependent!
2023-03-09 12:59:38,685 [Worker-66] INFO  o.e.m.c.i.embedder.EclipseLogger - Copying 0 resource
2023-03-09 12:59:38,686 [Worker-66] WARN  o.e.m.c.i.embedder.EclipseLogger - Using platform encoding (Cp1252 actually) to copy filtered resources, i.e. build is platform dependent!
2023-03-09 12:59:38,689 [Worker-66] INFO  o.e.m.c.i.embedder.EclipseLogger - skip non existing resourceDirectory C:\Users\uprataps\Downloads\Eclipse_Oxygen\Oxygen_Workspace\MavenServletJsp\src\test\resources
2023-03-09 13:00:05,966 [Worker-63] WARN  o.e.m.c.i.embedder.EclipseLogger - Using platform encoding (Cp1252 actually) to copy filtered resources, i.e. build is platform dependent!
2023-03-09 13:00:05,968 [Worker-63] INFO  o.e.m.c.i.embedder.EclipseLogger - Copying 0 resource
2023-03-09 13:00:05,969 [Worker-63] WARN  o.e.m.c.i.embedder.EclipseLogger - Using platform encoding (Cp1252 actually) to copy filtered resources, i.e. build is platform dependent!
2023-03-09 13:00:05,971 [Worker-63] INFO  o.e.m.c.i.embedder.EclipseLogger - skip non existing resourceDirectory C:\Users\uprataps\Downloads\Eclipse_Oxygen\Oxygen_Workspace\MavenServletJsp\src\test\resources
2023-03-09 13:01:12,692 [Worker-65] WARN  o.e.m.c.i.embedder.EclipseLogger - Using platform encoding (Cp1252 actually) to copy filtered resources, i.e. build is platform dependent!
2023-03-09 13:01:12,695 [Worker-65] INFO  o.e.m.c.i.embedder.EclipseLogger - Copying 0 resource
2023-03-09 13:01:12,696 [Worker-65] WARN  o.e.m.c.i.embedder.EclipseLogger - Using platform encoding (Cp1252 actually) to copy filtered resources, i.e. build is platform dependent!
2023-03-09 13:01:12,699 [Worker-65] INFO  o.e.m.c.i.embedder.EclipseLogger - skip non existing resourceDirectory C:\Users\uprataps\Downloads\Eclipse_Oxygen\Oxygen_Workspace\MavenServletJsp\src\test\resources
2023-03-09 13:01:51,433 [Worker-60] WARN  o.e.m.c.i.embedder.EclipseLogger - Using platform encoding (Cp1252 actually) to copy filtered resources, i.e. build is platform dependent!
2023-03-09 13:01:51,451 [Worker-60] INFO  o.e.m.c.i.embedder.EclipseLogger - Copying 0 resource
2023-03-09 13:01:51,452 [Worker-60] WARN  o.e.m.c.i.embedder.EclipseLogger - Using platform encoding (Cp1252 actually) to copy filtered resources, i.e. build is platform dependent!
2023-03-09 13:01:51,456 [Worker-60] INFO  o.e.m.c.i.embedder.EclipseLogger - skip non existing resourceDirectory C:\Users\uprataps\Downloads\Eclipse_Oxygen\Oxygen_Workspace\MavenServletJsp\src\test\resources
2023-03-09 13:02:03,550 [Worker-60] WARN  o.e.m.c.i.embedder.EclipseLogger - Using platform encoding (Cp1252 actually) to copy filtered resources, i.e. build is platform dependent!
2023-03-09 13:02:03,553 [Worker-60] INFO  o.e.m.c.i.embedder.EclipseLogger - Copying 0 resource
2023-03-09 13:02:03,553 [Worker-60] WARN  o.e.m.c.i.embedder.EclipseLogger - Using platform encoding (Cp1252 actually) to copy filtered resources, i.e. build is platform dependent!
2023-03-09 13:02:03,556 [Worker-60] INFO  o.e.m.c.i.embedder.EclipseLogger - skip non existing resourceDirectory C:\Users\uprataps\Downloads\Eclipse_Oxygen\Oxygen_Workspace\MavenServletJsp\src\test\resources
2023-03-09 13:02:08,920 [Worker-60] WARN  o.e.m.c.i.embedder.EclipseLogger - Using platform encoding (Cp1252 actually) to copy filtered resources, i.e. build is platform dependent!
2023-03-09 13:02:08,922 [Worker-60] INFO  o.e.m.c.i.embedder.EclipseLogger - Copying 0 resource
2023-03-09 13:02:08,922 [Worker-60] WARN  o.e.m.c.i.embedder.EclipseLogger - Using platform encoding (Cp1252 actually) to copy filtered resources, i.e. build is platform dependent!
2023-03-09 13:02:08,924 [Worker-60] INFO  o.e.m.c.i.embedder.EclipseLogger - skip non existing resourceDirectory C:\Users\uprataps\Downloads\Eclipse_Oxygen\Oxygen_Workspace\MavenServletJsp\src\test\resources
2023-03-09 13:02:25,057 [Worker-63] WARN  o.e.m.c.i.embedder.EclipseLogger - Using platform encoding (Cp1252 actually) to copy filtered resources, i.e. build is platform dependent!
2023-03-09 13:02:25,059 [Worker-63] INFO  o.e.m.c.i.embedder.EclipseLogger - Copying 0 resource
2023-03-09 13:02:25,060 [Worker-63] WARN  o.e.m.c.i.embedder.EclipseLogger - Using platform encoding (Cp1252 actually) to copy filtered resources, i.e. build is platform dependent!
2023-03-09 13:02:25,062 [Worker-63] INFO  o.e.m.c.i.embedder.EclipseLogger - skip non existing resourceDirectory C:\Users\uprataps\Downloads\Eclipse_Oxygen\Oxygen_Workspace\MavenServletJsp\src\test\resources
2023-03-09 13:02:49,317 [Worker-68] WARN  o.e.m.c.i.embedder.EclipseLogger - Using platform encoding (Cp1252 actually) to copy filtered resources, i.e. build is platform dependent!
2023-03-09 13:02:49,320 [Worker-68] INFO  o.e.m.c.i.embedder.EclipseLogger - Copying 0 resource
2023-03-09 13:02:49,321 [Worker-68] WARN  o.e.m.c.i.embedder.EclipseLogger - Using platform encoding (Cp1252 actually) to copy filtered resources, i.e. build is platform dependent!
2023-03-09 13:02:49,323 [Worker-68] INFO  o.e.m.c.i.embedder.EclipseLogger - skip non existing resourceDirectory C:\Users\uprataps\Downloads\Eclipse_Oxygen\Oxygen_Workspace\MavenServletJsp\src\test\resources
2023-03-09 13:02:58,366 [Worker-65] WARN  o.e.m.c.i.embedder.EclipseLogger - Using platform encoding (Cp1252 actually) to copy filtered resources, i.e. build is platform dependent!
2023-03-09 13:02:58,369 [Worker-65] INFO  o.e.m.c.i.embedder.EclipseLogger - Copying 0 resource
2023-03-09 13:02:58,370 [Worker-65] WARN  o.e.m.c.i.embedder.EclipseLogger - Using platform encoding (Cp1252 actually) to copy filtered resources, i.e. build is platform dependent!
2023-03-09 13:02:58,373 [Worker-65] INFO  o.e.m.c.i.embedder.EclipseLogger - skip non existing resourceDirectory C:\Users\uprataps\Downloads\Eclipse_Oxygen\Oxygen_Workspace\MavenServletJsp\src\test\resources
2023-03-09 13:03:38,129 [Worker-68] WARN  o.e.m.c.i.embedder.EclipseLogger - Using platform encoding (Cp1252 actually) to copy filtered resources, i.e. build is platform dependent!
2023-03-09 13:03:38,131 [Worker-68] INFO  o.e.m.c.i.embedder.EclipseLogger - Copying 0 resource
2023-03-09 13:03:38,132 [Worker-68] WARN  o.e.m.c.i.embedder.EclipseLogger - Using platform encoding (Cp1252 actually) to copy filtered resources, i.e. build is platform dependent!
2023-03-09 13:03:38,135 [Worker-68] INFO  o.e.m.c.i.embedder.EclipseLogger - skip non existing resourceDirectory C:\Users\uprataps\Downloads\Eclipse_Oxygen\Oxygen_Workspace\MavenServletJsp\src\test\resources
2023-03-09 14:20:55,736 [Worker-91] INFO  o.e.m.c.i.p.ProjectConfigurationManager - Collecting project info '/pom.xml' C:\Users\uprataps\Downloads\Eclipse_Oxygen\Oxygen_Workspace\FileUpload\pom.xml
2023-03-09 14:20:55,799 [Worker-91] INFO  o.e.m.c.i.l.LifecycleMappingFactory - Using org.maven.ide.eclipse.wtp.WarLifecycleMapping lifecycle mapping for MavenProject: com.fileupload:FileUpload:0.0.1-SNAPSHOT @ C:\Users\uprataps\Downloads\Eclipse_Oxygen\Oxygen_Workspace\FileUpload\pom.xml.
2023-03-09 14:20:55,860 [Worker-91] INFO  o.e.m.j.i.AbstractJavaProjectConfigurator - Adding source folder /FileUpload/src/main/java
2023-03-09 14:20:55,860 [Worker-91] INFO  o.e.m.j.i.AbstractJavaProjectConfigurator - Adding resource folder /FileUpload/src/main/resources
2023-03-09 14:20:55,860 [Worker-91] INFO  o.e.m.j.i.AbstractJavaProjectConfigurator - Adding source folder /FileUpload/src/test/java
2023-03-09 14:20:56,141 [Worker-91] INFO  o.e.m.c.i.p.ProjectConfigurationManager - Imported and configured 1 project(s) in 0 sec
2023-03-09 14:20:56,323 [Worker-89] WARN  o.e.m.c.i.embedder.EclipseLogger - Using platform encoding (Cp1252 actually) to copy filtered resources, i.e. build is platform dependent!
2023-03-09 14:20:56,326 [Worker-89] INFO  o.e.m.c.i.embedder.EclipseLogger - Copying 0 resource
2023-03-09 14:20:56,327 [Worker-89] WARN  o.e.m.c.i.embedder.EclipseLogger - Using platform encoding (Cp1252 actually) to copy filtered resources, i.e. build is platform dependent!
2023-03-09 14:20:56,329 [Worker-89] INFO  o.e.m.c.i.embedder.EclipseLogger - skip non existing resourceDirectory C:\Users\uprataps\Downloads\Eclipse_Oxygen\Oxygen_Workspace\FileUpload\src\test\resources
2023-03-09 14:20:57,421 [Worker-92] WARN  o.e.m.c.i.embedder.EclipseLogger - Using platform encoding (Cp1252 actually) to copy filtered resources, i.e. build is platform dependent!
2023-03-09 14:20:57,423 [Worker-92] INFO  o.e.m.c.i.embedder.EclipseLogger - Copying 0 resource
2023-03-09 14:20:57,423 [Worker-92] WARN  o.e.m.c.i.embedder.EclipseLogger - Using platform encoding (Cp1252 actually) to copy filtered resources, i.e. build is platform dependent!
2023-03-09 14:20:57,425 [Worker-92] INFO  o.e.m.c.i.embedder.EclipseLogger - skip non existing resourceDirectory C:\Users\uprataps\Downloads\Eclipse_Oxygen\Oxygen_Workspace\FileUpload\src\test\resources
2023-03-09 14:21:21,062 [Worker-91] WARN  o.e.m.c.i.embedder.EclipseLogger - Using platform encoding (Cp1252 actually) to copy filtered resources, i.e. build is platform dependent!
2023-03-09 14:21:21,066 [Worker-91] INFO  o.e.m.c.i.embedder.EclipseLogger - Copying 0 resource
2023-03-09 14:21:21,066 [Worker-91] WARN  o.e.m.c.i.embedder.EclipseLogger - Using platform encoding (Cp1252 actually) to copy filtered resources, i.e. build is platform dependent!
2023-03-09 14:21:21,068 [Worker-91] INFO  o.e.m.c.i.embedder.EclipseLogger - skip non existing resourceDirectory C:\Users\uprataps\Downloads\Eclipse_Oxygen\Oxygen_Workspace\FileUpload\src\test\resources
2023-03-09 14:22:15,509 [Worker-90] WARN  o.e.m.c.i.embedder.EclipseLogger - Using platform encoding (Cp1252 actually) to copy filtered resources, i.e. build is platform dependent!
2023-03-09 14:22:15,511 [Worker-90] INFO  o.e.m.c.i.embedder.EclipseLogger - Copying 0 resource
2023-03-09 14:22:15,512 [Worker-90] WARN  o.e.m.c.i.embedder.EclipseLogger - Using platform encoding (Cp1252 actually) to copy filtered resources, i.e. build is platform dependent!
2023-03-09 14:22:15,514 [Worker-90] INFO  o.e.m.c.i.embedder.EclipseLogger - skip non existing resourceDirectory C:\Users\uprataps\Downloads\Eclipse_Oxygen\Oxygen_Workspace\FileUpload\src\test\resources
2023-03-09 14:22:17,525 [Worker-92] WARN  o.e.m.c.i.embedder.EclipseLogger - Using platform encoding (Cp1252 actually) to copy filtered resources, i.e. build is platform dependent!
2023-03-09 14:22:17,527 [Worker-92] INFO  o.e.m.c.i.embedder.EclipseLogger - Copying 0 resource
2023-03-09 14:22:17,528 [Worker-92] WARN  o.e.m.c.i.embedder.EclipseLogger - Using platform encoding (Cp1252 actually) to copy filtered resources, i.e. build is platform dependent!
2023-03-09 14:22:17,530 [Worker-92] INFO  o.e.m.c.i.embedder.EclipseLogger - skip non existing resourceDirectory C:\Users\uprataps\Downloads\Eclipse_Oxygen\Oxygen_Workspace\FileUpload\src\test\resources
2023-03-09 14:22:31,288 [Worker-93] WARN  o.e.m.c.i.embedder.EclipseLogger - Using platform encoding (Cp1252 actually) to copy filtered resources, i.e. build is platform dependent!
2023-03-09 14:22:31,291 [Worker-93] INFO  o.e.m.c.i.embedder.EclipseLogger - Copying 0 resource
2023-03-09 14:22:31,291 [Worker-93] WARN  o.e.m.c.i.embedder.EclipseLogger - Using platform encoding (Cp1252 actually) to copy filtered resources, i.e. build is platform dependent!
2023-03-09 14:22:31,294 [Worker-93] INFO  o.e.m.c.i.embedder.EclipseLogger - skip non existing resourceDirectory C:\Users\uprataps\Downloads\Eclipse_Oxygen\Oxygen_Workspace\FileUpload\src\test\resources
2023-03-09 14:23:03,957 [Worker-90] WARN  o.e.m.c.i.embedder.EclipseLogger - Using platform encoding (Cp1252 actually) to copy filtered resources, i.e. build is platform dependent!
2023-03-09 14:23:03,960 [Worker-90] INFO  o.e.m.c.i.embedder.EclipseLogger - Copying 0 resource
2023-03-09 14:23:03,961 [Worker-90] WARN  o.e.m.c.i.embedder.EclipseLogger - Using platform encoding (Cp1252 actually) to copy filtered resources, i.e. build is platform dependent!
2023-03-09 14:23:03,963 [Worker-90] INFO  o.e.m.c.i.embedder.EclipseLogger - skip non existing resourceDirectory C:\Users\uprataps\Downloads\Eclipse_Oxygen\Oxygen_Workspace\FileUpload\src\test\resources
2023-03-09 14:24:15,122 [Worker-90] INFO  o.e.m.c.i.l.LifecycleMappingFactory - Using org.maven.ide.eclipse.wtp.WarLifecycleMapping lifecycle mapping for MavenProject: com.fileupload:FileUpload:0.0.1-SNAPSHOT @ C:\Users\uprataps\Downloads\Eclipse_Oxygen\Oxygen_Workspace\FileUpload\pom.xml.
2023-03-09 14:24:15,339 [Worker-90] INFO  o.e.m.c.i.e.AbstractTransferListenerAdapter - Downloading https://repo.maven.apache.org/maven2/commons-fileupload/commons-fileupload/1.3.3/commons-fileupload-1.3.3.pom
2023-03-09 14:24:15,389 [Worker-90] INFO  o.e.m.c.i.e.AbstractTransferListenerAdapter - Downloaded https://repo.maven.apache.org/maven2/commons-fileupload/commons-fileupload/1.3.3/commons-fileupload-1.3.3.pom
2023-03-09 14:24:15,441 [Worker-90] INFO  o.e.m.c.i.e.AbstractTransferListenerAdapter - Downloading https://repo.maven.apache.org/maven2/commons-fileupload/commons-fileupload/1.3.3/commons-fileupload-1.3.3.jar
2023-03-09 14:24:15,500 [Worker-90] INFO  o.e.m.c.i.e.AbstractTransferListenerAdapter - Downloaded https://repo.maven.apache.org/maven2/commons-fileupload/commons-fileupload/1.3.3/commons-fileupload-1.3.3.jar
2023-03-09 14:24:15,645 [Worker-90] WARN  o.e.m.c.i.embedder.EclipseLogger - Using platform encoding (Cp1252 actually) to copy filtered resources, i.e. build is platform dependent!
2023-03-09 14:24:15,648 [Worker-90] INFO  o.e.m.c.i.embedder.EclipseLogger - Copying 0 resource
2023-03-09 14:24:15,649 [Worker-90] WARN  o.e.m.c.i.embedder.EclipseLogger - Using platform encoding (Cp1252 actually) to copy filtered resources, i.e. build is platform dependent!
2023-03-09 14:24:15,651 [Worker-90] INFO  o.e.m.c.i.embedder.EclipseLogger - skip non existing resourceDirectory C:\Users\uprataps\Downloads\Eclipse_Oxygen\Oxygen_Workspace\FileUpload\src\test\resources
2023-03-09 14:24:15,651 [Worker-90] INFO  o.e.m.w.i.f.ResourceFilteringBuildParticipant - Changed resources require a complete clean of filtered resources of FileUpload
2023-03-09 14:24:15,651 [Worker-90] INFO  o.e.m.w.i.f.ResourceFilteringBuildParticipant - Executing resource filtering for FileUpload
2023-03-09 14:24:15,659 [Worker-90] WARN  o.e.m.c.i.embedder.EclipseLogger - Using platform encoding (Cp1252 actually) to copy filtered resources, i.e. build is platform dependent!
2023-03-09 14:24:16,778 [Worker-89] WARN  o.e.m.c.i.embedder.EclipseLogger - Using platform encoding (Cp1252 actually) to copy filtered resources, i.e. build is platform dependent!
2023-03-09 14:24:16,780 [Worker-89] INFO  o.e.m.c.i.embedder.EclipseLogger - Copying 0 resource
2023-03-09 14:24:16,781 [Worker-89] WARN  o.e.m.c.i.embedder.EclipseLogger - Using platform encoding (Cp1252 actually) to copy filtered resources, i.e. build is platform dependent!
2023-03-09 14:24:16,783 [Worker-89] INFO  o.e.m.c.i.embedder.EclipseLogger - skip non existing resourceDirectory C:\Users\uprataps\Downloads\Eclipse_Oxygen\Oxygen_Workspace\FileUpload\src\test\resources
2023-03-09 14:24:18,079 [Worker-89] INFO  o.e.m.c.i.l.LifecycleMappingFactory - Using org.maven.ide.eclipse.wtp.WarLifecycleMapping lifecycle mapping for MavenProject: com.fileupload:FileUpload:0.0.1-SNAPSHOT @ C:\Users\uprataps\Downloads\Eclipse_Oxygen\Oxygen_Workspace\FileUpload\pom.xml.
2023-03-09 14:24:18,524 [Worker-89] WARN  o.e.m.c.i.embedder.EclipseLogger - Using platform encoding (Cp1252 actually) to copy filtered resources, i.e. build is platform dependent!
2023-03-09 14:24:18,528 [Worker-89] INFO  o.e.m.c.i.embedder.EclipseLogger - Copying 0 resource
2023-03-09 14:24:18,529 [Worker-89] WARN  o.e.m.c.i.embedder.EclipseLogger - Using platform encoding (Cp1252 actually) to copy filtered resources, i.e. build is platform dependent!
2023-03-09 14:24:18,532 [Worker-89] INFO  o.e.m.c.i.embedder.EclipseLogger - skip non existing resourceDirectory C:\Users\uprataps\Downloads\Eclipse_Oxygen\Oxygen_Workspace\FileUpload\src\test\resources
2023-03-09 14:24:18,532 [Worker-89] INFO  o.e.m.w.i.f.ResourceFilteringBuildParticipant - Changed resources require a complete clean of filtered resources of FileUpload
2023-03-09 14:24:18,532 [Worker-89] INFO  o.e.m.w.i.f.ResourceFilteringBuildParticipant - Executing resource filtering for FileUpload
2023-03-09 14:24:18,534 [Worker-89] WARN  o.e.m.c.i.embedder.EclipseLogger - Using platform encoding (Cp1252 actually) to copy filtered resources, i.e. build is platform dependent!
2023-03-09 14:24:23,573 [Worker-92] WARN  o.e.m.c.i.embedder.EclipseLogger - Using platform encoding (Cp1252 actually) to copy filtered resources, i.e. build is platform dependent!
2023-03-09 14:24:23,576 [Worker-92] INFO  o.e.m.c.i.embedder.EclipseLogger - Copying 0 resource
2023-03-09 14:24:23,577 [Worker-92] WARN  o.e.m.c.i.embedder.EclipseLogger - Using platform encoding (Cp1252 actually) to copy filtered resources, i.e. build is platform dependent!
2023-03-09 14:24:23,579 [Worker-92] INFO  o.e.m.c.i.embedder.EclipseLogger - skip non existing resourceDirectory C:\Users\uprataps\Downloads\Eclipse_Oxygen\Oxygen_Workspace\FileUpload\src\test\resources
2023-03-09 14:24:25,904 [Worker-90] WARN  o.e.m.c.i.embedder.EclipseLogger - Using platform encoding (Cp1252 actually) to copy filtered resources, i.e. build is platform dependent!
2023-03-09 14:24:25,908 [Worker-90] INFO  o.e.m.c.i.embedder.EclipseLogger - Copying 0 resource
2023-03-09 14:24:25,909 [Worker-90] WARN  o.e.m.c.i.embedder.EclipseLogger - Using platform encoding (Cp1252 actually) to copy filtered resources, i.e. build is platform dependent!
2023-03-09 14:24:25,911 [Worker-90] INFO  o.e.m.c.i.embedder.EclipseLogger - skip non existing resourceDirectory C:\Users\uprataps\Downloads\Eclipse_Oxygen\Oxygen_Workspace\FileUpload\src\test\resources
2023-03-09 14:24:35,207 [Worker-93] WARN  o.e.m.c.i.embedder.EclipseLogger - Using platform encoding (Cp1252 actually) to copy filtered resources, i.e. build is platform dependent!
2023-03-09 14:24:35,211 [Worker-93] INFO  o.e.m.c.i.embedder.EclipseLogger - Copying 0 resource
2023-03-09 14:24:35,211 [Worker-93] WARN  o.e.m.c.i.embedder.EclipseLogger - Using platform encoding (Cp1252 actually) to copy filtered resources, i.e. build is platform dependent!
2023-03-09 14:24:35,213 [Worker-93] INFO  o.e.m.c.i.embedder.EclipseLogger - skip non existing resourceDirectory C:\Users\uprataps\Downloads\Eclipse_Oxygen\Oxygen_Workspace\FileUpload\src\test\resources
2023-03-09 14:25:23,471 [Worker-89] WARN  o.e.m.c.i.embedder.EclipseLogger - Using platform encoding (Cp1252 actually) to copy filtered resources, i.e. build is platform dependent!
2023-03-09 14:25:23,476 [Worker-89] INFO  o.e.m.c.i.embedder.EclipseLogger - Copying 0 resource
2023-03-09 14:25:23,476 [Worker-89] WARN  o.e.m.c.i.embedder.EclipseLogger - Using platform encoding (Cp1252 actually) to copy filtered resources, i.e. build is platform dependent!
2023-03-09 14:25:23,480 [Worker-89] INFO  o.e.m.c.i.embedder.EclipseLogger - skip non existing resourceDirectory C:\Users\uprataps\Downloads\Eclipse_Oxygen\Oxygen_Workspace\FileUpload\src\test\resources
2023-03-09 14:25:35,463 [Worker-89] WARN  o.e.m.c.i.embedder.EclipseLogger - Using platform encoding (Cp1252 actually) to copy filtered resources, i.e. build is platform dependent!
2023-03-09 14:25:35,466 [Worker-89] INFO  o.e.m.c.i.embedder.EclipseLogger - Copying 0 resource
2023-03-09 14:25:35,466 [Worker-89] WARN  o.e.m.c.i.embedder.EclipseLogger - Using platform encoding (Cp1252 actually) to copy filtered resources, i.e. build is platform dependent!
2023-03-09 14:25:35,468 [Worker-89] INFO  o.e.m.c.i.embedder.EclipseLogger - skip non existing resourceDirectory C:\Users\uprataps\Downloads\Eclipse_Oxygen\Oxygen_Workspace\FileUpload\src\test\resources
2023-03-09 14:25:38,211 [Worker-93] WARN  o.e.m.c.i.embedder.EclipseLogger - Using platform encoding (Cp1252 actually) to copy filtered resources, i.e. build is platform dependent!
2023-03-09 14:25:38,213 [Worker-93] INFO  o.e.m.c.i.embedder.EclipseLogger - Copying 0 resource
2023-03-09 14:25:38,213 [Worker-93] WARN  o.e.m.c.i.embedder.EclipseLogger - Using platform encoding (Cp1252 actually) to copy filtered resources, i.e. build is platform dependent!
2023-03-09 14:25:38,215 [Worker-93] INFO  o.e.m.c.i.embedder.EclipseLogger - skip non existing resourceDirectory C:\Users\uprataps\Downloads\Eclipse_Oxygen\Oxygen_Workspace\FileUpload\src\test\resources
2023-03-09 14:25:42,041 [Worker-94] WARN  o.e.m.c.i.embedder.EclipseLogger - Using platform encoding (Cp1252 actually) to copy filtered resources, i.e. build is platform dependent!
2023-03-09 14:25:42,044 [Worker-94] INFO  o.e.m.c.i.embedder.EclipseLogger - Copying 0 resource
2023-03-09 14:25:42,045 [Worker-94] WARN  o.e.m.c.i.embedder.EclipseLogger - Using platform encoding (Cp1252 actually) to copy filtered resources, i.e. build is platform dependent!
2023-03-09 14:25:42,048 [Worker-94] INFO  o.e.m.c.i.embedder.EclipseLogger - skip non existing resourceDirectory C:\Users\uprataps\Downloads\Eclipse_Oxygen\Oxygen_Workspace\FileUpload\src\test\resources
2023-03-09 14:25:44,814 [Worker-92] WARN  o.e.m.c.i.embedder.EclipseLogger - Using platform encoding (Cp1252 actually) to copy filtered resources, i.e. build is platform dependent!
2023-03-09 14:25:44,817 [Worker-92] INFO  o.e.m.c.i.embedder.EclipseLogger - Copying 0 resource
2023-03-09 14:25:44,818 [Worker-92] WARN  o.e.m.c.i.embedder.EclipseLogger - Using platform encoding (Cp1252 actually) to copy filtered resources, i.e. build is platform dependent!
2023-03-09 14:25:44,820 [Worker-92] INFO  o.e.m.c.i.embedder.EclipseLogger - skip non existing resourceDirectory C:\Users\uprataps\Downloads\Eclipse_Oxygen\Oxygen_Workspace\FileUpload\src\test\resources
2023-03-09 14:25:57,708 [Worker-94] WARN  o.e.m.c.i.embedder.EclipseLogger - Using platform encoding (Cp1252 actually) to copy filtered resources, i.e. build is platform dependent!
2023-03-09 14:25:57,710 [Worker-94] INFO  o.e.m.c.i.embedder.EclipseLogger - Copying 0 resource
2023-03-09 14:25:57,711 [Worker-94] WARN  o.e.m.c.i.embedder.EclipseLogger - Using platform encoding (Cp1252 actually) to copy filtered resources, i.e. build is platform dependent!
2023-03-09 14:25:57,713 [Worker-94] INFO  o.e.m.c.i.embedder.EclipseLogger - skip non existing resourceDirectory C:\Users\uprataps\Downloads\Eclipse_Oxygen\Oxygen_Workspace\FileUpload\src\test\resources
2023-03-09 14:27:01,620 [Worker-90] WARN  o.e.m.c.i.embedder.EclipseLogger - Using platform encoding (Cp1252 actually) to copy filtered resources, i.e. build is platform dependent!
2023-03-09 14:27:01,623 [Worker-90] INFO  o.e.m.c.i.embedder.EclipseLogger - Copying 0 resource
2023-03-09 14:27:01,623 [Worker-90] WARN  o.e.m.c.i.embedder.EclipseLogger - Using platform encoding (Cp1252 actually) to copy filtered resources, i.e. build is platform dependent!
2023-03-09 14:27:01,626 [Worker-90] INFO  o.e.m.c.i.embedder.EclipseLogger - skip non existing resourceDirectory C:\Users\uprataps\Downloads\Eclipse_Oxygen\Oxygen_Workspace\FileUpload\src\test\resources
2023-03-09 14:27:04,899 [Worker-89] WARN  o.e.m.c.i.embedder.EclipseLogger - Using platform encoding (Cp1252 actually) to copy filtered resources, i.e. build is platform dependent!
2023-03-09 14:27:04,901 [Worker-89] INFO  o.e.m.c.i.embedder.EclipseLogger - Copying 0 resource
2023-03-09 14:27:04,902 [Worker-89] WARN  o.e.m.c.i.embedder.EclipseLogger - Using platform encoding (Cp1252 actually) to copy filtered resources, i.e. build is platform dependent!
2023-03-09 14:27:04,904 [Worker-89] INFO  o.e.m.c.i.embedder.EclipseLogger - skip non existing resourceDirectory C:\Users\uprataps\Downloads\Eclipse_Oxygen\Oxygen_Workspace\FileUpload\src\test\resources
2023-03-09 14:29:50,914 [Worker-92] WARN  o.e.m.c.i.embedder.EclipseLogger - Using platform encoding (Cp1252 actually) to copy filtered resources, i.e. build is platform dependent!
2023-03-09 14:29:50,919 [Worker-92] INFO  o.e.m.c.i.embedder.EclipseLogger - Copying 0 resource
2023-03-09 14:29:50,920 [Worker-92] WARN  o.e.m.c.i.embedder.EclipseLogger - Using platform encoding (Cp1252 actually) to copy filtered resources, i.e. build is platform dependent!
2023-03-09 14:29:50,923 [Worker-92] INFO  o.e.m.c.i.embedder.EclipseLogger - skip non existing resourceDirectory C:\Users\uprataps\Downloads\Eclipse_Oxygen\Oxygen_Workspace\FileUpload\src\test\resources
2023-03-09 14:30:02,532 [Worker-89] WARN  o.e.m.c.i.embedder.EclipseLogger - Using platform encoding (Cp1252 actually) to copy filtered resources, i.e. build is platform dependent!
2023-03-09 14:30:02,534 [Worker-89] INFO  o.e.m.c.i.embedder.EclipseLogger - Copying 0 resource
2023-03-09 14:30:02,535 [Worker-89] WARN  o.e.m.c.i.embedder.EclipseLogger - Using platform encoding (Cp1252 actually) to copy filtered resources, i.e. build is platform dependent!
2023-03-09 14:30:02,537 [Worker-89] INFO  o.e.m.c.i.embedder.EclipseLogger - skip non existing resourceDirectory C:\Users\uprataps\Downloads\Eclipse_Oxygen\Oxygen_Workspace\FileUpload\src\test\resources
2023-03-09 14:30:08,316 [Worker-90] WARN  o.e.m.c.i.embedder.EclipseLogger - Using platform encoding (Cp1252 actually) to copy filtered resources, i.e. build is platform dependent!
2023-03-09 14:30:08,318 [Worker-90] INFO  o.e.m.c.i.embedder.EclipseLogger - Copying 0 resource
2023-03-09 14:30:08,319 [Worker-90] WARN  o.e.m.c.i.embedder.EclipseLogger - Using platform encoding (Cp1252 actually) to copy filtered resources, i.e. build is platform dependent!
2023-03-09 14:30:08,321 [Worker-90] INFO  o.e.m.c.i.embedder.EclipseLogger - skip non existing resourceDirectory C:\Users\uprataps\Downloads\Eclipse_Oxygen\Oxygen_Workspace\FileUpload\src\test\resources
2023-03-09 14:30:40,441 [Worker-94] WARN  o.e.m.c.i.embedder.EclipseLogger - Using platform encoding (Cp1252 actually) to copy filtered resources, i.e. build is platform dependent!
2023-03-09 14:30:40,443 [Worker-94] INFO  o.e.m.c.i.embedder.EclipseLogger - Copying 0 resource
2023-03-09 14:30:40,445 [Worker-94] WARN  o.e.m.c.i.embedder.EclipseLogger - Using platform encoding (Cp1252 actually) to copy filtered resources, i.e. build is platform dependent!
2023-03-09 14:30:40,447 [Worker-94] INFO  o.e.m.c.i.embedder.EclipseLogger - skip non existing resourceDirectory C:\Users\uprataps\Downloads\Eclipse_Oxygen\Oxygen_Workspace\FileUpload\src\test\resources
2023-03-09 14:30:45,025 [Worker-92] WARN  o.e.m.c.i.embedder.EclipseLogger - Using platform encoding (Cp1252 actually) to copy filtered resources, i.e. build is platform dependent!
2023-03-09 14:30:45,027 [Worker-92] INFO  o.e.m.c.i.embedder.EclipseLogger - Copying 0 resource
2023-03-09 14:30:45,028 [Worker-92] WARN  o.e.m.c.i.embedder.EclipseLogger - Using platform encoding (Cp1252 actually) to copy filtered resources, i.e. build is platform dependent!
2023-03-09 14:30:45,030 [Worker-92] INFO  o.e.m.c.i.embedder.EclipseLogger - skip non existing resourceDirectory C:\Users\uprataps\Downloads\Eclipse_Oxygen\Oxygen_Workspace\FileUpload\src\test\resources
2023-03-09 14:30:48,028 [Worker-94] WARN  o.e.m.c.i.embedder.EclipseLogger - Using platform encoding (Cp1252 actually) to copy filtered resources, i.e. build is platform dependent!
2023-03-09 14:30:48,032 [Worker-94] INFO  o.e.m.c.i.embedder.EclipseLogger - Copying 0 resource
2023-03-09 14:30:48,033 [Worker-94] WARN  o.e.m.c.i.embedder.EclipseLogger - Using platform encoding (Cp1252 actually) to copy filtered resources, i.e. build is platform dependent!
2023-03-09 14:30:48,036 [Worker-94] INFO  o.e.m.c.i.embedder.EclipseLogger - skip non existing resourceDirectory C:\Users\uprataps\Downloads\Eclipse_Oxygen\Oxygen_Workspace\FileUpload\src\test\resources
2023-03-09 14:30:54,929 [Worker-93] WARN  o.e.m.c.i.embedder.EclipseLogger - Using platform encoding (Cp1252 actually) to copy filtered resources, i.e. build is platform dependent!
2023-03-09 14:30:54,932 [Worker-93] INFO  o.e.m.c.i.embedder.EclipseLogger - Copying 0 resource
2023-03-09 14:30:54,933 [Worker-93] WARN  o.e.m.c.i.embedder.EclipseLogger - Using platform encoding (Cp1252 actually) to copy filtered resources, i.e. build is platform dependent!
2023-03-09 14:30:54,935 [Worker-93] INFO  o.e.m.c.i.embedder.EclipseLogger - skip non existing resourceDirectory C:\Users\uprataps\Downloads\Eclipse_Oxygen\Oxygen_Workspace\FileUpload\src\test\resources
2023-03-09 16:30:23,766 [Worker-131] WARN  o.e.m.c.i.embedder.EclipseLogger - Using platform encoding (Cp1252 actually) to copy filtered resources, i.e. build is platform dependent!
2023-03-09 16:30:23,771 [Worker-131] INFO  o.e.m.c.i.embedder.EclipseLogger - Copying 0 resource
2023-03-09 16:30:23,772 [Worker-131] WARN  o.e.m.c.i.embedder.EclipseLogger - Using platform encoding (Cp1252 actually) to copy filtered resources, i.e. build is platform dependent!
2023-03-09 16:30:23,775 [Worker-131] INFO  o.e.m.c.i.embedder.EclipseLogger - skip non existing resourceDirectory C:\Users\uprataps\Downloads\Eclipse_Oxygen\Oxygen_Workspace\FileUpload\src\test\resources
2023-03-09 16:31:18,823 [Worker-132] WARN  o.e.m.c.i.embedder.EclipseLogger - Using platform encoding (Cp1252 actually) to copy filtered resources, i.e. build is platform dependent!
2023-03-09 16:31:18,826 [Worker-132] INFO  o.e.m.c.i.embedder.EclipseLogger - Copying 0 resource
2023-03-09 16:31:18,826 [Worker-132] WARN  o.e.m.c.i.embedder.EclipseLogger - Using platform encoding (Cp1252 actually) to copy filtered resources, i.e. build is platform dependent!
2023-03-09 16:31:18,829 [Worker-132] INFO  o.e.m.c.i.embedder.EclipseLogger - skip non existing resourceDirectory C:\Users\uprataps\Downloads\Eclipse_Oxygen\Oxygen_Workspace\FileUpload\src\test\resources
2023-03-09 16:32:03,423 [Worker-116] WARN  o.e.m.c.i.embedder.EclipseLogger - Using platform encoding (Cp1252 actually) to copy filtered resources, i.e. build is platform dependent!
2023-03-09 16:32:03,426 [Worker-116] INFO  o.e.m.c.i.embedder.EclipseLogger - Copying 0 resource
2023-03-09 16:32:03,427 [Worker-116] WARN  o.e.m.c.i.embedder.EclipseLogger - Using platform encoding (Cp1252 actually) to copy filtered resources, i.e. build is platform dependent!
2023-03-09 16:32:03,429 [Worker-116] INFO  o.e.m.c.i.embedder.EclipseLogger - skip non existing resourceDirectory C:\Users\uprataps\Downloads\Eclipse_Oxygen\Oxygen_Workspace\FileUpload\src\test\resources
2023-03-09 16:32:15,239 [Worker-131] WARN  o.e.m.c.i.embedder.EclipseLogger - Using platform encoding (Cp1252 actually) to copy filtered resources, i.e. build is platform dependent!
2023-03-09 16:32:15,241 [Worker-131] INFO  o.e.m.c.i.embedder.EclipseLogger - Copying 0 resource
2023-03-09 16:32:15,242 [Worker-131] WARN  o.e.m.c.i.embedder.EclipseLogger - Using platform encoding (Cp1252 actually) to copy filtered resources, i.e. build is platform dependent!
2023-03-09 16:32:15,244 [Worker-131] INFO  o.e.m.c.i.embedder.EclipseLogger - skip non existing resourceDirectory C:\Users\uprataps\Downloads\Eclipse_Oxygen\Oxygen_Workspace\FileUpload\src\test\resources
2023-03-09 16:32:25,385 [Worker-131] WARN  o.e.m.c.i.embedder.EclipseLogger - Using platform encoding (Cp1252 actually) to copy filtered resources, i.e. build is platform dependent!
2023-03-09 16:32:25,387 [Worker-131] INFO  o.e.m.c.i.embedder.EclipseLogger - Copying 0 resource
2023-03-09 16:32:25,388 [Worker-131] WARN  o.e.m.c.i.embedder.EclipseLogger - Using platform encoding (Cp1252 actually) to copy filtered resources, i.e. build is platform dependent!
2023-03-09 16:32:25,390 [Worker-131] INFO  o.e.m.c.i.embedder.EclipseLogger - skip non existing resourceDirectory C:\Users\uprataps\Downloads\Eclipse_Oxygen\Oxygen_Workspace\FileUpload\src\test\resources
2023-03-09 16:32:39,196 [Worker-132] WARN  o.e.m.c.i.embedder.EclipseLogger - Using platform encoding (Cp1252 actually) to copy filtered resources, i.e. build is platform dependent!
2023-03-09 16:32:39,198 [Worker-132] INFO  o.e.m.c.i.embedder.EclipseLogger - Copying 0 resource
2023-03-09 16:32:39,199 [Worker-132] WARN  o.e.m.c.i.embedder.EclipseLogger - Using platform encoding (Cp1252 actually) to copy filtered resources, i.e. build is platform dependent!
2023-03-09 16:32:39,201 [Worker-132] INFO  o.e.m.c.i.embedder.EclipseLogger - skip non existing resourceDirectory C:\Users\uprataps\Downloads\Eclipse_Oxygen\Oxygen_Workspace\FileUpload\src\test\resources
2023-03-09 16:32:43,639 [Worker-133] WARN  o.e.m.c.i.embedder.EclipseLogger - Using platform encoding (Cp1252 actually) to copy filtered resources, i.e. build is platform dependent!
2023-03-09 16:32:43,642 [Worker-133] INFO  o.e.m.c.i.embedder.EclipseLogger - Copying 0 resource
2023-03-09 16:32:43,642 [Worker-133] WARN  o.e.m.c.i.embedder.EclipseLogger - Using platform encoding (Cp1252 actually) to copy filtered resources, i.e. build is platform dependent!
2023-03-09 16:32:43,644 [Worker-133] INFO  o.e.m.c.i.embedder.EclipseLogger - skip non existing resourceDirectory C:\Users\uprataps\Downloads\Eclipse_Oxygen\Oxygen_Workspace\FileUpload\src\test\resources
2023-03-09 16:35:02,774 [Worker-131] WARN  o.e.m.c.i.embedder.EclipseLogger - Using platform encoding (Cp1252 actually) to copy filtered resources, i.e. build is platform dependent!
2023-03-09 16:35:02,777 [Worker-131] INFO  o.e.m.c.i.embedder.EclipseLogger - Copying 0 resource
2023-03-09 16:35:02,777 [Worker-131] WARN  o.e.m.c.i.embedder.EclipseLogger - Using platform encoding (Cp1252 actually) to copy filtered resources, i.e. build is platform dependent!
2023-03-09 16:35:02,779 [Worker-131] INFO  o.e.m.c.i.embedder.EclipseLogger - skip non existing resourceDirectory C:\Users\uprataps\Downloads\Eclipse_Oxygen\Oxygen_Workspace\FileUpload\src\test\resources
2023-03-09 16:35:46,663 [Worker-116] WARN  o.e.m.c.i.embedder.EclipseLogger - Using platform encoding (Cp1252 actually) to copy filtered resources, i.e. build is platform dependent!
2023-03-09 16:35:46,665 [Worker-116] INFO  o.e.m.c.i.embedder.EclipseLogger - Copying 0 resource
2023-03-09 16:35:46,665 [Worker-116] WARN  o.e.m.c.i.embedder.EclipseLogger - Using platform encoding (Cp1252 actually) to copy filtered resources, i.e. build is platform dependent!
2023-03-09 16:35:46,667 [Worker-116] INFO  o.e.m.c.i.embedder.EclipseLogger - skip non existing resourceDirectory C:\Users\uprataps\Downloads\Eclipse_Oxygen\Oxygen_Workspace\FileUpload\src\test\resources
2023-03-09 16:37:53,925 [Worker-135] WARN  o.e.m.c.i.embedder.EclipseLogger - Using platform encoding (Cp1252 actually) to copy filtered resources, i.e. build is platform dependent!
2023-03-09 16:37:53,928 [Worker-135] INFO  o.e.m.c.i.embedder.EclipseLogger - Copying 0 resource
2023-03-09 16:37:53,928 [Worker-135] WARN  o.e.m.c.i.embedder.EclipseLogger - Using platform encoding (Cp1252 actually) to copy filtered resources, i.e. build is platform dependent!
2023-03-09 16:37:53,930 [Worker-135] INFO  o.e.m.c.i.embedder.EclipseLogger - skip non existing resourceDirectory C:\Users\uprataps\Downloads\Eclipse_Oxygen\Oxygen_Workspace\FileUpload\src\test\resources
2023-03-09 19:51:50,053 [Worker-186] INFO  o.e.m.c.i.p.ProjectConfigurationManager - Update started
2023-03-09 19:51:50,147 [Worker-186] INFO  o.e.m.c.i.l.LifecycleMappingFactory - Using org.maven.ide.eclipse.wtp.WarLifecycleMapping lifecycle mapping for MavenProject: com.mavenproject:MavenServletJsp:0.0.1-SNAPSHOT @ C:\Users\uprataps\Downloads\Eclipse_Oxygen\Oxygen_Workspace\MavenServletJsp\pom.xml.
2023-03-09 19:51:50,272 [Worker-186] INFO  o.e.m.j.i.AbstractJavaProjectConfigurator - Adding source folder /MavenServletJsp/src/main/java
2023-03-09 19:51:50,272 [Worker-186] INFO  o.e.m.j.i.AbstractJavaProjectConfigurator - Adding resource folder /MavenServletJsp/src/main/resources
2023-03-09 19:51:50,272 [Worker-186] INFO  o.e.m.j.i.AbstractJavaProjectConfigurator - Adding source folder /MavenServletJsp/src/test/java
2023-03-09 19:51:50,671 [Worker-186] INFO  o.e.m.w.i.f.ResourceFilteringBuildParticipant - Cleaning filtered folder for MavenServletJsp
2023-03-09 19:51:50,676 [Worker-186] INFO  o.e.m.c.i.p.ProjectConfigurationManager - Update completed: 0 sec
2023-03-09 19:51:50,922 [Worker-186] WARN  o.e.m.c.i.embedder.EclipseLogger - Using platform encoding (Cp1252 actually) to copy filtered resources, i.e. build is platform dependent!
2023-03-09 19:51:50,927 [Worker-186] INFO  o.e.m.c.i.embedder.EclipseLogger - Copying 0 resource
2023-03-09 19:51:50,928 [Worker-186] WARN  o.e.m.c.i.embedder.EclipseLogger - Using platform encoding (Cp1252 actually) to copy filtered resources, i.e. build is platform dependent!
2023-03-09 19:51:50,930 [Worker-186] INFO  o.e.m.c.i.embedder.EclipseLogger - skip non existing resourceDirectory C:\Users\uprataps\Downloads\Eclipse_Oxygen\Oxygen_Workspace\MavenServletJsp\src\test\resources
2023-03-09 19:51:50,930 [Worker-186] INFO  o.e.m.w.i.f.ResourceFilteringBuildParticipant - Changed resources require a complete clean of filtered resources of MavenServletJsp
2023-03-09 19:51:50,930 [Worker-186] INFO  o.e.m.w.i.f.ResourceFilteringBuildParticipant - Executing resource filtering for MavenServletJsp
2023-03-09 19:51:50,964 [Worker-186] WARN  o.e.m.c.i.embedder.EclipseLogger - Using platform encoding (Cp1252 actually) to copy filtered resources, i.e. build is platform dependent!
2023-03-09 19:52:20,152 [Worker-183] WARN  o.e.m.c.i.embedder.EclipseLogger - Using platform encoding (Cp1252 actually) to copy filtered resources, i.e. build is platform dependent!
2023-03-09 19:52:20,156 [Worker-183] INFO  o.e.m.c.i.embedder.EclipseLogger - Copying 0 resource
2023-03-09 19:52:20,158 [Worker-183] WARN  o.e.m.c.i.embedder.EclipseLogger - Using platform encoding (Cp1252 actually) to copy filtered resources, i.e. build is platform dependent!
2023-03-09 19:52:20,162 [Worker-183] INFO  o.e.m.c.i.embedder.EclipseLogger - skip non existing resourceDirectory C:\Users\uprataps\Downloads\Eclipse_Oxygen\Oxygen_Workspace\MavenServletJsp\src\test\resources
2023-03-10 15:03:11,833 [Worker-0] INFO  c.g.t.t.d.PublishedGradleVersions - Gradle version information cache is out-of-date. Trying to update.
2023-03-10 15:03:15,055 [Worker-6] WARN  o.e.m.c.i.embedder.EclipseLogger - Using platform encoding (Cp1252 actually) to copy filtered resources, i.e. build is platform dependent!
2023-03-10 15:03:15,062 [Worker-6] INFO  o.e.m.c.i.embedder.EclipseLogger - Copying 0 resource
2023-03-10 15:03:15,065 [Worker-6] WARN  o.e.m.c.i.embedder.EclipseLogger - Using platform encoding (Cp1252 actually) to copy filtered resources, i.e. build is platform dependent!
2023-03-10 15:03:15,068 [Worker-6] INFO  o.e.m.c.i.embedder.EclipseLogger - skip non existing resourceDirectory C:\Users\uprataps\Downloads\Eclipse_Oxygen\Oxygen_Workspace\FileUpload\src\test\resources
2023-03-10 15:03:16,129 [Worker-6] WARN  o.e.m.c.i.embedder.EclipseLogger - Using platform encoding (Cp1252 actually) to copy filtered resources, i.e. build is platform dependent!
2023-03-10 15:03:16,134 [Worker-6] INFO  o.e.m.c.i.embedder.EclipseLogger - Copying 0 resource
2023-03-10 15:03:16,136 [Worker-6] WARN  o.e.m.c.i.embedder.EclipseLogger - Using platform encoding (Cp1252 actually) to copy filtered resources, i.e. build is platform dependent!
2023-03-10 15:03:16,141 [Worker-6] INFO  o.e.m.c.i.embedder.EclipseLogger - skip non existing resourceDirectory C:\Users\uprataps\Downloads\Eclipse_Oxygen\Oxygen_Workspace\MavenServletJsp\src\test\resources
2023-03-10 17:51:37,506 [Worker-4] INFO  c.g.t.t.d.PublishedGradleVersions - Gradle version information cache is up-to-date. Trying to read.
2023-03-10 17:51:40,565 [Worker-6] WARN  o.e.m.c.i.embedder.EclipseLogger - Using platform encoding (Cp1252 actually) to copy filtered resources, i.e. build is platform dependent!
2023-03-10 17:51:40,570 [Worker-6] INFO  o.e.m.c.i.embedder.EclipseLogger - Copying 0 resource
2023-03-10 17:51:40,572 [Worker-6] WARN  o.e.m.c.i.embedder.EclipseLogger - Using platform encoding (Cp1252 actually) to copy filtered resources, i.e. build is platform dependent!
2023-03-10 17:51:40,574 [Worker-6] INFO  o.e.m.c.i.embedder.EclipseLogger - skip non existing resourceDirectory C:\Users\uprataps\Downloads\Eclipse_Oxygen\Oxygen_Workspace\FileUpload\src\test\resources
2023-03-10 17:51:41,388 [Worker-6] WARN  o.e.m.c.i.embedder.EclipseLogger - Using platform encoding (Cp1252 actually) to copy filtered resources, i.e. build is platform dependent!
2023-03-10 17:51:41,388 [Worker-6] INFO  o.e.m.c.i.embedder.EclipseLogger - Copying 0 resource
2023-03-10 17:51:41,388 [Worker-6] WARN  o.e.m.c.i.embedder.EclipseLogger - Using platform encoding (Cp1252 actually) to copy filtered resources, i.e. build is platform dependent!
2023-03-10 17:51:41,404 [Worker-6] INFO  o.e.m.c.i.embedder.EclipseLogger - skip non existing resourceDirectory C:\Users\uprataps\Downloads\Eclipse_Oxygen\Oxygen_Workspace\MavenServletJsp\src\test\resources
2023-03-10 18:19:19,782 [Worker-5] INFO  c.g.t.t.d.PublishedGradleVersions - Gradle version information cache is up-to-date. Trying to read.
2023-03-10 18:19:22,593 [Worker-8] WARN  o.e.m.c.i.embedder.EclipseLogger - Using platform encoding (Cp1252 actually) to copy filtered resources, i.e. build is platform dependent!
2023-03-10 18:19:22,603 [Worker-8] INFO  o.e.m.c.i.embedder.EclipseLogger - Copying 0 resource
2023-03-10 18:19:22,605 [Worker-8] WARN  o.e.m.c.i.embedder.EclipseLogger - Using platform encoding (Cp1252 actually) to copy filtered resources, i.e. build is platform dependent!
2023-03-10 18:19:22,607 [Worker-8] INFO  o.e.m.c.i.embedder.EclipseLogger - skip non existing resourceDirectory C:\Users\uprataps\Downloads\Eclipse_Oxygen\Oxygen_Workspace\FileUpload\src\test\resources
2023-03-10 18:19:23,102 [Worker-8] WARN  o.e.m.c.i.embedder.EclipseLogger - Using platform encoding (Cp1252 actually) to copy filtered resources, i.e. build is platform dependent!
2023-03-10 18:19:23,107 [Worker-8] INFO  o.e.m.c.i.embedder.EclipseLogger - Copying 0 resource
2023-03-10 18:19:23,109 [Worker-8] WARN  o.e.m.c.i.embedder.EclipseLogger - Using platform encoding (Cp1252 actually) to copy filtered resources, i.e. build is platform dependent!
2023-03-10 18:19:23,115 [Worker-8] INFO  o.e.m.c.i.embedder.EclipseLogger - skip non existing resourceDirectory C:\Users\uprataps\Downloads\Eclipse_Oxygen\Oxygen_Workspace\MavenServletJsp\src\test\resources
2023-03-10 18:25:00,928 [Worker-3] INFO  c.g.t.t.d.PublishedGradleVersions - Gradle version information cache is up-to-date. Trying to read.
2023-03-10 18:25:03,910 [Worker-3] WARN  o.e.m.c.i.embedder.EclipseLogger - Using platform encoding (Cp1252 actually) to copy filtered resources, i.e. build is platform dependent!
2023-03-10 18:25:03,916 [Worker-3] INFO  o.e.m.c.i.embedder.EclipseLogger - Copying 0 resource
2023-03-10 18:25:03,919 [Worker-3] WARN  o.e.m.c.i.embedder.EclipseLogger - Using platform encoding (Cp1252 actually) to copy filtered resources, i.e. build is platform dependent!
2023-03-10 18:25:03,923 [Worker-3] INFO  o.e.m.c.i.embedder.EclipseLogger - skip non existing resourceDirectory C:\Users\uprataps\Downloads\Eclipse_Oxygen\Oxygen_Workspace\FileUpload\src\test\resources
2023-03-10 18:25:04,619 [Worker-3] WARN  o.e.m.c.i.embedder.EclipseLogger - Using platform encoding (Cp1252 actually) to copy filtered resources, i.e. build is platform dependent!
2023-03-10 18:25:04,624 [Worker-3] INFO  o.e.m.c.i.embedder.EclipseLogger - Copying 0 resource
2023-03-10 18:25:04,628 [Worker-3] WARN  o.e.m.c.i.embedder.EclipseLogger - Using platform encoding (Cp1252 actually) to copy filtered resources, i.e. build is platform dependent!
2023-03-10 18:25:04,632 [Worker-3] INFO  o.e.m.c.i.embedder.EclipseLogger - skip non existing resourceDirectory C:\Users\uprataps\Downloads\Eclipse_Oxygen\Oxygen_Workspace\MavenServletJsp\src\test\resources
